[ 2019-04-16T09:00:05+08:00 ] 127.0.0.1 127.0.0.1 GET /home/car/index.html
[ log ] zhmr.cc/home/car/index.html [运行时间：1.237071s][吞吐率：0.81req/s] [内存消耗：2,065.46kb] [文件加载：59]
[ info ] [ LANG ] D:\phpstudy\WWW\20190213zihaimeirong\thinkphp\lang\zh-cn.php
[ info ] [ ROUTE ] array (
  'type' => 'module',
  'module' => 
  array (
    0 => 'home',
    1 => 'car',
    2 => 'index',
  ),
)
[ info ] [ HEADER ] array (
  'cookie' => 'PHPSESSID=hqvq18j8521a0taupv6qs68250; cna=Li2/FAp4qBQCAd6ri9KZ7md4; isg=BLOzZ1VN6yY4EafynN7Xt1LJQrcdQEHZtoO91mVQD1IJZNMG7bjX-hH1GtIvRJ-i',
  'accept-language' => 'zh-CN,zh;q=0.9',
  'accept-encoding' => 'gzip, deflate',
  'referer' => 'http://zhmr.cc/home/car/index.html',
  'accept' => 'text/html,application/xhtml+xml,application/xml;q=0.9,image/webp,image/apng,*/*;q=0.8',
  'user-agent' => 'Mozilla/5.0 (Windows NT 6.1; WOW64) AppleWebKit/537.36 (KHTML, like Gecko) Chrome/65.0.3325.181 Safari/537.36',
  'upgrade-insecure-requests' => '1',
  'connection' => 'close',
  'host' => 'zhmr.cc',
)
[ info ] [ PARAM ] array (
)
[ info ] [ DB ] INIT mysql
[ info ] [ SESSION ] INIT array (
  'id' => '',
  'var_session_id' => '',
  'prefix' => 'think',
  'type' => '',
  'auto_start' => true,
)
[ info ] [ DB ] INIT mysql
[ info ] [ RUN ] app\home\controller\Car->index[ D:\phpstudy\WWW\20190213zihaimeirong\application\home\controller\Car.php ]
[ info ] [ VIEW ] D:\phpstudy\WWW\20190213zihaimeirong\public/../application/home\view\car\index.html [ array (
  0 => 'title',
  1 => 'web_name',
  2 => 'web_url',
  3 => 'web_author',
  4 => 'share_details',
  5 => 'web_hotline',
  6 => 'web_hotline_more',
  7 => 'web_phone',
  8 => 'agent1',
  9 => 'agent2',
  10 => 'agent3',
  11 => 'agent4',
  12 => 'shop_member1',
  13 => 'shop_member2',
  14 => 'shop_member3',
  15 => 'kf_ercode',
  16 => 'weixin_ercode',
  17 => 'web_qq',
  18 => 'foot_icp',
  19 => 'rebate1',
  20 => 'rebate2',
  21 => 'rebate3',
  22 => 'take_money_explain',
  23 => 'take_money_restrict',
  24 => 'qrcode_background',
  25 => 'mo_foot',
  26 => 'data',
) ]
[ info ] [ LOG ] INIT File
[ sql ] [ DB ] CONNECT:[ UseTime:0.225013s ] mysql:dbname=20190211zihaimeirong;host=127.0.0.1;port=3306;charset=utf8
[ sql ] [ SQL ] SHOW COLUMNS FROM `mx_webconfig` [ RunTime:0.210012s ]
[ sql ] [ SQL ] SELECT * FROM `mx_webconfig` [ RunTime:0.001000s ]
[ sql ] [ DB ] CONNECT:[ UseTime:0.001000s ] mysql:dbname=20190211zihaimeirong;host=127.0.0.1;port=3306;charset=utf8
[ sql ] [ SQL ] SHOW COLUMNS FROM `mx_user` [ RunTime:0.083005s ]
[ sql ] [ SQL ] SELECT * FROM `mx_user` WHERE  `id` = 1  AND `status` = 1 LIMIT 1 [ RunTime:0.000000s ]
[ sql ] [ SQL ] SHOW COLUMNS FROM `mx_car` [ RunTime:0.184011s ]
[ sql ] [ SQL ] SELECT `car`.`id`,`car`.`goods_id`,`car`.`num`,`car`.`price`,`car`.`attr`,`car`.`freight`,`car`.`create_time`,`goods`.`title`,`goods`.`picurl`,`goods`.`goodsattr` FROM `mx_car` `car` INNER JOIN `mx_goods` `goods` ON `car`.`goods_id`=`goods`.`id` WHERE  `car`.`user_id` = 1 [ RunTime:0.186010s ]

---------------------------------------------------------------
[ 2019-04-16T09:00:07+08:00 ] 127.0.0.1 127.0.0.1 GET /favicon.ico
[ log ] zhmr.cc/favicon.ico [运行时间：0.027002s][吞吐率：37.03req/s] [内存消耗：916.18kb] [文件加载：40]
[ info ] [ LANG ] D:\phpstudy\WWW\20190213zihaimeirong\thinkphp\lang\zh-cn.php
[ info ] [ ROUTE ] array (
  'type' => 'module',
  'module' => 
  array (
    0 => 'favicon.ico',
    1 => NULL,
    2 => NULL,
  ),
)
[ info ] [ HEADER ] array (
  'cookie' => 'PHPSESSID=hqvq18j8521a0taupv6qs68250; cna=Li2/FAp4qBQCAd6ri9KZ7md4; isg=BLOzZ1VN6yY4EafynN7Xt1LJQrcdQEHZtoO91mVQD1IJZNMG7bjX-hH1GtIvRJ-i',
  'accept-language' => 'zh-CN,zh;q=0.9',
  'accept-encoding' => 'gzip, deflate',
  'referer' => 'http://zhmr.cc/home/car/index.html',
  'accept' => 'image/webp,image/apng,image/*,*/*;q=0.8',
  'user-agent' => 'Mozilla/5.0 (Windows NT 6.1; WOW64) AppleWebKit/537.36 (KHTML, like Gecko) Chrome/65.0.3325.181 Safari/537.36',
  'connection' => 'close',
  'host' => 'zhmr.cc',
)
[ info ] [ PARAM ] array (
)
[ info ] [ LOG ] INIT File

---------------------------------------------------------------
[ 2019-04-16T09:00:15+08:00 ] 127.0.0.1 127.0.0.1 GET /shop/project/index.html
[ log ] zhmr.cc/shop/project/index.html [运行时间：1.890108s][吞吐率：0.53req/s] [内存消耗：2,085.45kb] [文件加载：62]
[ info ] [ LANG ] D:\phpstudy\WWW\20190213zihaimeirong\thinkphp\lang\zh-cn.php
[ info ] [ ROUTE ] array (
  'type' => 'module',
  'module' => 
  array (
    0 => 'shop',
    1 => 'project',
    2 => 'index',
  ),
)
[ info ] [ HEADER ] array (
  'cookie' => 'PHPSESSID=hqvq18j8521a0taupv6qs68250; cna=Li2/FAp4qBQCAd6ri9KZ7md4; isg=BLOzZ1VN6yY4EafynN7Xt1LJQrcdQEHZtoO91mVQD1IJZNMG7bjX-hH1GtIvRJ-i',
  'accept-language' => 'zh-CN,zh;q=0.9',
  'accept-encoding' => 'gzip, deflate',
  'referer' => 'http://zhmr.cc/shop/user/index.html',
  'accept' => 'text/html,application/xhtml+xml,application/xml;q=0.9,image/webp,image/apng,*/*;q=0.8',
  'user-agent' => 'Mozilla/5.0 (Windows NT 6.1; WOW64) AppleWebKit/537.36 (KHTML, like Gecko) Chrome/65.0.3325.181 Safari/537.36',
  'upgrade-insecure-requests' => '1',
  'connection' => 'close',
  'host' => 'zhmr.cc',
)
[ info ] [ PARAM ] array (
)
[ info ] [ SESSION ] INIT array (
  'id' => '',
  'var_session_id' => '',
  'prefix' => 'think',
  'type' => '',
  'auto_start' => true,
)
[ info ] [ DB ] INIT mysql
[ info ] [ RUN ] app\shop\controller\Project->index[ D:\phpstudy\WWW\20190213zihaimeirong\application\shop\controller\Project.php ]
[ info ] [ VIEW ] D:\phpstudy\WWW\20190213zihaimeirong\public/../application/shop\view\project\index.html [ array (
  0 => 'menu_left',
  1 => 'mate_title',
  2 => 'mate_operate',
  3 => 'user',
  4 => 'list',
) ]
[ info ] [ LOG ] INIT File
[ sql ] [ DB ] CONNECT:[ UseTime:0.010001s ] mysql:dbname=20190211zihaimeirong;host=127.0.0.1;port=3306;charset=utf8
[ sql ] [ SQL ] SHOW COLUMNS FROM `mx_store` [ RunTime:0.217012s ]
[ sql ] [ SQL ] SELECT `group_id` FROM `mx_store` WHERE  `id` = 1 LIMIT 1 [ RunTime:0.000000s ]
[ sql ] [ SQL ] SHOW COLUMNS FROM `mx_manager` [ RunTime:0.155009s ]
[ sql ] [ SQL ] SELECT `id`,`username`,`avatar`,`nickname`,`mobile` FROM `mx_manager` WHERE  `id` = 1 LIMIT 1 [ RunTime:0.000000s ]
[ sql ] [ SQL ] SHOW COLUMNS FROM `mx_store_record` [ RunTime:0.083005s ]
[ sql ] [ SQL ] SELECT `m`.`username`,`m`.`mobile`,`m`.`account`,`r`.`money`,`r`.`content`,`r`.`create_time`,`r`.`id`,`r`.`type`,`r`.`member_lv`,`r`.`member_id` FROM `mx_store_record` `r` LEFT JOIN `mx_store_member` `m` ON `r`.`member_id`=`m`.`id` WHERE  `r`.`store_id` = 1 ORDER BY `r`.`id`  desc [ RunTime:0.050003s ]
[ error ] [0]类的属性不存在:app\shop\model\StoreRecord->level_lv[D:\phpstudy\WWW\20190213zihaimeirong\thinkphp\library\think\Model.php:857]

---------------------------------------------------------------
[ 2019-04-16T09:00:17+08:00 ] 127.0.0.1 127.0.0.1 GET /console/store/index.html
[ log ] zhmr.cc/console/store/index.html [运行时间：1.236071s][吞吐率：0.81req/s] [内存消耗：2,229.98kb] [文件加载：64]
[ info ] [ LANG ] D:\phpstudy\WWW\20190213zihaimeirong\thinkphp\lang\zh-cn.php
[ info ] [ ROUTE ] array (
  'type' => 'module',
  'module' => 
  array (
    0 => 'console',
    1 => 'store',
    2 => 'index',
  ),
)
[ info ] [ HEADER ] array (
  'cookie' => 'PHPSESSID=hqvq18j8521a0taupv6qs68250; cna=Li2/FAp4qBQCAd6ri9KZ7md4; isg=BLOzZ1VN6yY4EafynN7Xt1LJQrcdQEHZtoO91mVQD1IJZNMG7bjX-hH1GtIvRJ-i',
  'accept-language' => 'zh-CN,zh;q=0.9',
  'accept-encoding' => 'gzip, deflate',
  'referer' => 'http://zhmr.cc/console/store/index.html',
  'accept' => 'text/html,application/xhtml+xml,application/xml;q=0.9,image/webp,image/apng,*/*;q=0.8',
  'user-agent' => 'Mozilla/5.0 (Windows NT 6.1; WOW64) AppleWebKit/537.36 (KHTML, like Gecko) Chrome/65.0.3325.181 Safari/537.36',
  'upgrade-insecure-requests' => '1',
  'connection' => 'close',
  'host' => 'zhmr.cc',
)
[ info ] [ PARAM ] array (
)
[ info ] [ SESSION ] INIT array (
  'id' => '',
  'var_session_id' => '',
  'prefix' => 'think',
  'type' => '',
  'auto_start' => true,
)
[ info ] [ DB ] INIT mysql
[ info ] [ RUN ] app\console\controller\Store->index[ D:\phpstudy\WWW\20190213zihaimeirong\application\console\controller\Store.php ]
[ info ] [ VIEW ] D:\phpstudy\WWW\20190213zihaimeirong\public/../application/console\view\store\index.html [ array (
  0 => 'menu_left',
  1 => 'mate_title',
  2 => 'mate_operate',
  3 => 'user',
  4 => 'list',
) ]
[ info ] [ LOG ] INIT File
[ sql ] [ DB ] CONNECT:[ UseTime:0.010000s ] mysql:dbname=20190211zihaimeirong;host=127.0.0.1;port=3306;charset=utf8
[ sql ] [ SQL ] SHOW COLUMNS FROM `mx_manager` [ RunTime:0.048002s ]
[ sql ] [ SQL ] SELECT `group_id` FROM `mx_manager` WHERE  `id` = 1 LIMIT 1 [ RunTime:0.001000s ]
[ sql ] [ SQL ] SELECT `id`,`username`,`avatar`,`nickname`,`mobile` FROM `mx_manager` WHERE  `id` = 1 LIMIT 1 [ RunTime:0.001000s ]
[ sql ] [ SQL ] SHOW COLUMNS FROM `mx_store` [ RunTime:0.006000s ]
[ sql ] [ SQL ] SELECT COUNT(*) AS tp_count FROM `mx_store` WHERE  `id` <> 0 LIMIT 1 [ RunTime:0.001000s ]
[ sql ] [ SQL ] SELECT * FROM `mx_store` WHERE  `id` <> 0 ORDER BY id desc LIMIT 0,30 [ RunTime:0.001000s ]

---------------------------------------------------------------
[ 2019-04-16T09:01:18+08:00 ] 127.0.0.1 127.0.0.1 GET /shop/project/index.html
[ log ] zhmr.cc/shop/project/index.html [运行时间：0.240013s][吞吐率：4.17req/s] [内存消耗：2,085.68kb] [文件加载：62]
[ info ] [ LANG ] D:\phpstudy\WWW\20190213zihaimeirong\thinkphp\lang\zh-cn.php
[ info ] [ ROUTE ] array (
  'type' => 'module',
  'module' => 
  array (
    0 => 'shop',
    1 => 'project',
    2 => 'index',
  ),
)
[ info ] [ HEADER ] array (
  'cookie' => 'PHPSESSID=hqvq18j8521a0taupv6qs68250; cna=Li2/FAp4qBQCAd6ri9KZ7md4; isg=BLOzZ1VN6yY4EafynN7Xt1LJQrcdQEHZtoO91mVQD1IJZNMG7bjX-hH1GtIvRJ-i',
  'accept-language' => 'zh-CN,zh;q=0.9',
  'accept-encoding' => 'gzip, deflate',
  'referer' => 'http://zhmr.cc/shop/user/index.html',
  'accept' => 'text/html,application/xhtml+xml,application/xml;q=0.9,image/webp,image/apng,*/*;q=0.8',
  'user-agent' => 'Mozilla/5.0 (Windows NT 6.1; WOW64) AppleWebKit/537.36 (KHTML, like Gecko) Chrome/65.0.3325.181 Safari/537.36',
  'upgrade-insecure-requests' => '1',
  'cache-control' => 'max-age=0',
  'connection' => 'close',
  'host' => 'zhmr.cc',
)
[ info ] [ PARAM ] array (
)
[ info ] [ SESSION ] INIT array (
  'id' => '',
  'var_session_id' => '',
  'prefix' => 'think',
  'type' => '',
  'auto_start' => true,
)
[ info ] [ DB ] INIT mysql
[ info ] [ RUN ] app\shop\controller\Project->index[ D:\phpstudy\WWW\20190213zihaimeirong\application\shop\controller\Project.php ]
[ info ] [ VIEW ] D:\phpstudy\WWW\20190213zihaimeirong\public/../application/shop\view\project\index.html [ array (
  0 => 'menu_left',
  1 => 'mate_title',
  2 => 'mate_operate',
  3 => 'user',
  4 => 'list',
) ]
[ info ] [ LOG ] INIT File
[ sql ] [ DB ] CONNECT:[ UseTime:0.015001s ] mysql:dbname=20190211zihaimeirong;host=127.0.0.1;port=3306;charset=utf8
[ sql ] [ SQL ] SHOW COLUMNS FROM `mx_store` [ RunTime:0.015001s ]
[ sql ] [ SQL ] SELECT `group_id` FROM `mx_store` WHERE  `id` = 1 LIMIT 1 [ RunTime:0.001000s ]
[ sql ] [ SQL ] SHOW COLUMNS FROM `mx_manager` [ RunTime:0.019002s ]
[ sql ] [ SQL ] SELECT `id`,`username`,`avatar`,`nickname`,`mobile` FROM `mx_manager` WHERE  `id` = 1 LIMIT 1 [ RunTime:0.002000s ]
[ sql ] [ SQL ] SHOW COLUMNS FROM `mx_store_record` [ RunTime:0.011001s ]
[ sql ] [ SQL ] SELECT `m`.`username`,`m`.`mobile`,`m`.`account`,`r`.`money`,`r`.`content`,`r`.`create_time`,`r`.`id`,`r`.`type`,`r`.`member_lv`,`r`.`member_id` FROM `mx_store_record` `r` LEFT JOIN `mx_store_member` `m` ON `r`.`member_id`=`m`.`id` WHERE  `r`.`store_id` = 1 ORDER BY `r`.`id`  desc [ RunTime:0.001000s ]
[ error ] [0]类的属性不存在:app\shop\model\StoreRecord->level_lv[D:\phpstudy\WWW\20190213zihaimeirong\thinkphp\library\think\Model.php:857]

---------------------------------------------------------------
[ 2019-04-16T09:01:20+08:00 ] 127.0.0.1 127.0.0.1 GET /console/store/index.html
[ log ] zhmr.cc/console/store/index.html [运行时间：0.129007s][吞吐率：7.75req/s] [内存消耗：2,230.25kb] [文件加载：64]
[ info ] [ LANG ] D:\phpstudy\WWW\20190213zihaimeirong\thinkphp\lang\zh-cn.php
[ info ] [ ROUTE ] array (
  'type' => 'module',
  'module' => 
  array (
    0 => 'console',
    1 => 'store',
    2 => 'index',
  ),
)
[ info ] [ HEADER ] array (
  'cookie' => 'PHPSESSID=hqvq18j8521a0taupv6qs68250; cna=Li2/FAp4qBQCAd6ri9KZ7md4; isg=BLOzZ1VN6yY4EafynN7Xt1LJQrcdQEHZtoO91mVQD1IJZNMG7bjX-hH1GtIvRJ-i',
  'accept-language' => 'zh-CN,zh;q=0.9',
  'accept-encoding' => 'gzip, deflate',
  'referer' => 'http://zhmr.cc/console/store/index.html',
  'accept' => 'text/html,application/xhtml+xml,application/xml;q=0.9,image/webp,image/apng,*/*;q=0.8',
  'user-agent' => 'Mozilla/5.0 (Windows NT 6.1; WOW64) AppleWebKit/537.36 (KHTML, like Gecko) Chrome/65.0.3325.181 Safari/537.36',
  'upgrade-insecure-requests' => '1',
  'cache-control' => 'max-age=0',
  'connection' => 'close',
  'host' => 'zhmr.cc',
)
[ info ] [ PARAM ] array (
)
[ info ] [ SESSION ] INIT array (
  'id' => '',
  'var_session_id' => '',
  'prefix' => 'think',
  'type' => '',
  'auto_start' => true,
)
[ info ] [ DB ] INIT mysql
[ info ] [ RUN ] app\console\controller\Store->index[ D:\phpstudy\WWW\20190213zihaimeirong\application\console\controller\Store.php ]
[ info ] [ VIEW ] D:\phpstudy\WWW\20190213zihaimeirong\public/../application/console\view\store\index.html [ array (
  0 => 'menu_left',
  1 => 'mate_title',
  2 => 'mate_operate',
  3 => 'user',
  4 => 'list',
) ]
[ info ] [ LOG ] INIT File
[ sql ] [ DB ] CONNECT:[ UseTime:0.005000s ] mysql:dbname=20190211zihaimeirong;host=127.0.0.1;port=3306;charset=utf8
[ sql ] [ SQL ] SHOW COLUMNS FROM `mx_manager` [ RunTime:0.018001s ]
[ sql ] [ SQL ] SELECT `group_id` FROM `mx_manager` WHERE  `id` = 1 LIMIT 1 [ RunTime:0.000000s ]
[ sql ] [ SQL ] SELECT `id`,`username`,`avatar`,`nickname`,`mobile` FROM `mx_manager` WHERE  `id` = 1 LIMIT 1 [ RunTime:0.002001s ]
[ sql ] [ SQL ] SHOW COLUMNS FROM `mx_store` [ RunTime:0.020001s ]
[ sql ] [ SQL ] SELECT COUNT(*) AS tp_count FROM `mx_store` WHERE  `id` <> 0 LIMIT 1 [ RunTime:0.001000s ]
[ sql ] [ SQL ] SELECT * FROM `mx_store` WHERE  `id` <> 0 ORDER BY id desc LIMIT 0,30 [ RunTime:0.001000s ]

---------------------------------------------------------------
[ 2019-04-16T09:01:23+08:00 ] 127.0.0.1 127.0.0.1 GET /shop/project/index.html
[ log ] zhmr.cc/shop/project/index.html [运行时间：0.148008s][吞吐率：6.76req/s] [内存消耗：2,085.68kb] [文件加载：62]
[ info ] [ LANG ] D:\phpstudy\WWW\20190213zihaimeirong\thinkphp\lang\zh-cn.php
[ info ] [ ROUTE ] array (
  'type' => 'module',
  'module' => 
  array (
    0 => 'shop',
    1 => 'project',
    2 => 'index',
  ),
)
[ info ] [ HEADER ] array (
  'cookie' => 'PHPSESSID=hqvq18j8521a0taupv6qs68250; cna=Li2/FAp4qBQCAd6ri9KZ7md4; isg=BLOzZ1VN6yY4EafynN7Xt1LJQrcdQEHZtoO91mVQD1IJZNMG7bjX-hH1GtIvRJ-i',
  'accept-language' => 'zh-CN,zh;q=0.9',
  'accept-encoding' => 'gzip, deflate',
  'referer' => 'http://zhmr.cc/shop/user/index.html',
  'accept' => 'text/html,application/xhtml+xml,application/xml;q=0.9,image/webp,image/apng,*/*;q=0.8',
  'user-agent' => 'Mozilla/5.0 (Windows NT 6.1; WOW64) AppleWebKit/537.36 (KHTML, like Gecko) Chrome/65.0.3325.181 Safari/537.36',
  'upgrade-insecure-requests' => '1',
  'cache-control' => 'max-age=0',
  'connection' => 'close',
  'host' => 'zhmr.cc',
)
[ info ] [ PARAM ] array (
)
[ info ] [ SESSION ] INIT array (
  'id' => '',
  'var_session_id' => '',
  'prefix' => 'think',
  'type' => '',
  'auto_start' => true,
)
[ info ] [ DB ] INIT mysql
[ info ] [ RUN ] app\shop\controller\Project->index[ D:\phpstudy\WWW\20190213zihaimeirong\application\shop\controller\Project.php ]
[ info ] [ VIEW ] D:\phpstudy\WWW\20190213zihaimeirong\public/../application/shop\view\project\index.html [ array (
  0 => 'menu_left',
  1 => 'mate_title',
  2 => 'mate_operate',
  3 => 'user',
  4 => 'list',
) ]
[ info ] [ LOG ] INIT File
[ sql ] [ DB ] CONNECT:[ UseTime:0.001000s ] mysql:dbname=20190211zihaimeirong;host=127.0.0.1;port=3306;charset=utf8
[ sql ] [ SQL ] SHOW COLUMNS FROM `mx_store` [ RunTime:0.013001s ]
[ sql ] [ SQL ] SELECT `group_id` FROM `mx_store` WHERE  `id` = 1 LIMIT 1 [ RunTime:0.001000s ]
[ sql ] [ SQL ] SHOW COLUMNS FROM `mx_manager` [ RunTime:0.015001s ]
[ sql ] [ SQL ] SELECT `id`,`username`,`avatar`,`nickname`,`mobile` FROM `mx_manager` WHERE  `id` = 1 LIMIT 1 [ RunTime:0.004001s ]
[ sql ] [ SQL ] SHOW COLUMNS FROM `mx_store_record` [ RunTime:0.016001s ]
[ sql ] [ SQL ] SELECT `m`.`username`,`m`.`mobile`,`m`.`account`,`r`.`money`,`r`.`content`,`r`.`create_time`,`r`.`id`,`r`.`type`,`r`.`member_lv`,`r`.`member_id` FROM `mx_store_record` `r` LEFT JOIN `mx_store_member` `m` ON `r`.`member_id`=`m`.`id` WHERE  `r`.`store_id` = 1 ORDER BY `r`.`id`  desc [ RunTime:0.001000s ]
[ error ] [0]类的属性不存在:app\shop\model\StoreRecord->level_lv[D:\phpstudy\WWW\20190213zihaimeirong\thinkphp\library\think\Model.php:857]

---------------------------------------------------------------
