[ 2019-04-19T09:10:33+08:00 ] 127.0.0.1 127.0.0.1 GET /console/login/index.html
[ log ] zhmr.cc/console/login/index.html [运行时间：0.090005s][吞吐率：11.11req/s] [内存消耗：1,237.77kb] [文件加载：47]
[ info ] [ LANG ] D:\phpstudy\WWW\20190213zihaimeirong\thinkphp\lang\zh-cn.php
[ info ] [ ROUTE ] array (
  'type' => 'module',
  'module' => 
  array (
    0 => 'console',
    1 => 'login',
    2 => 'index',
  ),
)
[ info ] [ HEADER ] array (
  'cookie' => 'PHPSESSID=hqvq18j8521a0taupv6qs68250; cna=Li2/FAp4qBQCAd6ri9KZ7md4; isg=BLOzZ1VN6yY4EafynN7Xt1LJQrcdQEHZtoO91mVQD1IJZNMG7bjX-hH1GtIvRJ-i',
  'accept-language' => 'zh-CN,zh;q=0.9',
  'accept-encoding' => 'gzip, deflate',
  'referer' => 'http://zhmr.cc/console/store/index.html',
  'accept' => 'text/html,application/xhtml+xml,application/xml;q=0.9,image/webp,image/apng,*/*;q=0.8',
  'user-agent' => 'Mozilla/5.0 (Windows NT 6.1; WOW64) AppleWebKit/537.36 (KHTML, like Gecko) Chrome/65.0.3325.181 Safari/537.36',
  'upgrade-insecure-requests' => '1',
  'connection' => 'close',
  'host' => 'zhmr.cc',
)
[ info ] [ PARAM ] array (
)
[ info ] [ RUN ] app\console\controller\Login->index[ D:\phpstudy\WWW\20190213zihaimeirong\application\console\controller\Login.php ]
[ info ] [ SESSION ] INIT array (
  'id' => '',
  'var_session_id' => '',
  'prefix' => 'think',
  'type' => '',
  'auto_start' => true,
)
[ info ] [ VIEW ] D:\phpstudy\WWW\20190213zihaimeirong\public/../application/console\view\.\login.html [ array (
  0 => 'mate_title',
) ]
[ info ] [ LOG ] INIT File

---------------------------------------------------------------
[ 2019-04-19T09:10:33+08:00 ] 127.0.0.1 127.0.0.1 GET /shop/login/index.html
[ log ] zhmr.cc/shop/login/index.html [运行时间：0.090006s][吞吐率：11.11req/s] [内存消耗：1,212.04kb] [文件加载：47]
[ info ] [ LANG ] D:\phpstudy\WWW\20190213zihaimeirong\thinkphp\lang\zh-cn.php
[ info ] [ ROUTE ] array (
  'type' => 'module',
  'module' => 
  array (
    0 => 'shop',
    1 => 'login',
    2 => 'index',
  ),
)
[ info ] [ HEADER ] array (
  'cookie' => 'PHPSESSID=hqvq18j8521a0taupv6qs68250; cna=Li2/FAp4qBQCAd6ri9KZ7md4; isg=BLOzZ1VN6yY4EafynN7Xt1LJQrcdQEHZtoO91mVQD1IJZNMG7bjX-hH1GtIvRJ-i',
  'accept-language' => 'zh-CN,zh;q=0.9',
  'accept-encoding' => 'gzip, deflate',
  'referer' => 'http://zhmr.cc/shop/user/index.html',
  'accept' => 'text/html,application/xhtml+xml,application/xml;q=0.9,image/webp,image/apng,*/*;q=0.8',
  'user-agent' => 'Mozilla/5.0 (Windows NT 6.1; WOW64) AppleWebKit/537.36 (KHTML, like Gecko) Chrome/65.0.3325.181 Safari/537.36',
  'upgrade-insecure-requests' => '1',
  'connection' => 'close',
  'host' => 'zhmr.cc',
)
[ info ] [ PARAM ] array (
)
[ info ] [ RUN ] app\shop\controller\Login->index[ D:\phpstudy\WWW\20190213zihaimeirong\application\shop\controller\Login.php ]
[ info ] [ SESSION ] INIT array (
  'id' => '',
  'var_session_id' => '',
  'prefix' => 'think',
  'type' => '',
  'auto_start' => true,
)
[ info ] [ VIEW ] D:\phpstudy\WWW\20190213zihaimeirong\public/../application/shop\view\.\login.html [ array (
  0 => 'mate_title',
) ]
[ info ] [ LOG ] INIT File

---------------------------------------------------------------
