[ 2019-02-18T13:24:15+08:00 ] 127.0.0.1 127.0.0.1 GET /
[ log ] zhmr.cc/ [运行时间：3.376193s][吞吐率：0.30req/s] [内存消耗：2,027.63kb] [文件加载：57]
[ info ] [ LANG ] D:\phpstudy\WWW\20190213zihaimeirong\thinkphp\lang\zh-cn.php
[ info ] [ ROUTE ] array (
  'type' => 'module',
  'module' => 
  array (
    0 => '',
    1 => NULL,
    2 => NULL,
  ),
)
[ info ] [ HEADER ] array (
  'if-modified-since' => 'Fri, 15 Feb 2019 03:40:16 GMT',
  'if-none-match' => '"3f0-581e6887f4a51"',
  'accept-language' => 'zh-CN,zh;q=0.9',
  'accept-encoding' => 'gzip, deflate',
  'accept' => 'text/html,application/xhtml+xml,application/xml;q=0.9,image/webp,image/apng,*/*;q=0.8',
  'user-agent' => 'Mozilla/5.0 (Windows NT 6.1; WOW64) AppleWebKit/537.36 (KHTML, like Gecko) Chrome/65.0.3325.181 Safari/537.36',
  'upgrade-insecure-requests' => '1',
  'cache-control' => 'max-age=0',
  'connection' => 'close',
  'host' => 'zhmr.cc',
)
[ info ] [ PARAM ] array (
)
[ info ] [ DB ] INIT mysql
[ info ] [ LOG ] INIT File
[ sql ] [ DB ] CONNECT:[ UseTime:0.004001s ] mysql:dbname=20190211zihaimeirong;host=127.0.0.1;port=3306;charset=utf8
[ sql ] [ SQL ] SHOW COLUMNS FROM `mx_webconfig` [ RunTime:0.010000s ]
[ sql ] [ SQL ] SELECT * FROM `mx_webconfig` [ RunTime:0.000000s ]
[ error ] [8]Undefined property: stdClass::$access_token[D:\phpstudy\WWW\20190213zihaimeirong\application\index\model\Share.php:181]

---------------------------------------------------------------
[ 2019-02-18T13:24:38+08:00 ] 127.0.0.1 127.0.0.1 GET /
[ log ] zhmr.cc/ [运行时间：0.306017s][吞吐率：3.27req/s] [内存消耗：2,027.25kb] [文件加载：57]
[ info ] [ LANG ] D:\phpstudy\WWW\20190213zihaimeirong\thinkphp\lang\zh-cn.php
[ info ] [ ROUTE ] array (
  'type' => 'module',
  'module' => 
  array (
    0 => '',
    1 => NULL,
    2 => NULL,
  ),
)
[ info ] [ HEADER ] array (
  'accept-language' => 'zh-CN,zh;q=0.9',
  'accept-encoding' => 'gzip, deflate',
  'accept' => 'text/html,application/xhtml+xml,application/xml;q=0.9,image/webp,image/apng,*/*;q=0.8',
  'user-agent' => 'Mozilla/5.0 (Windows NT 6.1; WOW64) AppleWebKit/537.36 (KHTML, like Gecko) Chrome/65.0.3325.181 Safari/537.36',
  'upgrade-insecure-requests' => '1',
  'cache-control' => 'max-age=0',
  'connection' => 'close',
  'host' => 'zhmr.cc',
)
[ info ] [ PARAM ] array (
)
[ info ] [ DB ] INIT mysql
[ info ] [ LOG ] INIT File
[ sql ] [ DB ] CONNECT:[ UseTime:0.001000s ] mysql:dbname=20190211zihaimeirong;host=127.0.0.1;port=3306;charset=utf8
[ sql ] [ SQL ] SHOW COLUMNS FROM `mx_webconfig` [ RunTime:0.010001s ]
[ sql ] [ SQL ] SELECT * FROM `mx_webconfig` [ RunTime:0.000000s ]
[ error ] [8]Undefined property: stdClass::$access_token[D:\phpstudy\WWW\20190213zihaimeirong\application\index\model\Share.php:181]

---------------------------------------------------------------
[ 2019-02-18T13:25:07+08:00 ] 127.0.0.1 127.0.0.1 GET /console
[ log ] zhmr.cc/console [运行时间：0.415024s][吞吐率：2.41req/s] [内存消耗：1,260.63kb] [文件加载：44]
[ info ] [ LANG ] D:\phpstudy\WWW\20190213zihaimeirong\thinkphp\lang\zh-cn.php
[ info ] [ ROUTE ] array (
  'type' => 'module',
  'module' => 
  array (
    0 => 'console',
    1 => NULL,
    2 => NULL,
  ),
)
[ info ] [ HEADER ] array (
  'accept-language' => 'zh-CN,zh;q=0.9',
  'accept-encoding' => 'gzip, deflate',
  'accept' => 'text/html,application/xhtml+xml,application/xml;q=0.9,image/webp,image/apng,*/*;q=0.8',
  'user-agent' => 'Mozilla/5.0 (Windows NT 6.1; WOW64) AppleWebKit/537.36 (KHTML, like Gecko) Chrome/65.0.3325.181 Safari/537.36',
  'upgrade-insecure-requests' => '1',
  'connection' => 'close',
  'host' => 'zhmr.cc',
)
[ info ] [ PARAM ] array (
)
[ info ] [ SESSION ] INIT array (
  'id' => '',
  'var_session_id' => '',
  'prefix' => 'think',
  'type' => '',
  'auto_start' => true,
)
[ info ] [ LOG ] INIT File

---------------------------------------------------------------
[ 2019-02-18T13:25:07+08:00 ] 127.0.0.1 127.0.0.1 GET /console/login/index.html
[ log ] zhmr.cc/console/login/index.html [运行时间：0.129007s][吞吐率：7.75req/s] [内存消耗：1,333.52kb] [文件加载：44]
[ info ] [ LANG ] D:\phpstudy\WWW\20190213zihaimeirong\thinkphp\lang\zh-cn.php
[ info ] [ ROUTE ] array (
  'type' => 'module',
  'module' => 
  array (
    0 => 'console',
    1 => 'login',
    2 => 'index',
  ),
)
[ info ] [ HEADER ] array (
  'cookie' => 'PHPSESSID=hqvq18j8521a0taupv6qs68250',
  'accept-language' => 'zh-CN,zh;q=0.9',
  'accept-encoding' => 'gzip, deflate',
  'accept' => 'text/html,application/xhtml+xml,application/xml;q=0.9,image/webp,image/apng,*/*;q=0.8',
  'user-agent' => 'Mozilla/5.0 (Windows NT 6.1; WOW64) AppleWebKit/537.36 (KHTML, like Gecko) Chrome/65.0.3325.181 Safari/537.36',
  'upgrade-insecure-requests' => '1',
  'connection' => 'close',
  'host' => 'zhmr.cc',
)
[ info ] [ PARAM ] array (
)
[ info ] [ RUN ] app\console\controller\Login->index[ D:\phpstudy\WWW\20190213zihaimeirong\application\console\controller\Login.php ]
[ info ] [ SESSION ] INIT array (
  'id' => '',
  'var_session_id' => '',
  'prefix' => 'think',
  'type' => '',
  'auto_start' => true,
)
[ info ] [ VIEW ] D:\phpstudy\WWW\20190213zihaimeirong\public/../application/console\view\.\login.html [ array (
  0 => 'mate_title',
) ]
[ info ] [ LOG ] INIT File

---------------------------------------------------------------
[ 2019-02-18T13:25:15+08:00 ] 127.0.0.1 127.0.0.1 POST /console/login/index.html
[ log ] zhmr.cc/console/login/index.html [运行时间：0.257015s][吞吐率：3.89req/s] [内存消耗：2,044.40kb] [文件加载：54]
[ info ] [ LANG ] D:\phpstudy\WWW\20190213zihaimeirong\thinkphp\lang\zh-cn.php
[ info ] [ ROUTE ] array (
  'type' => 'module',
  'module' => 
  array (
    0 => 'console',
    1 => 'login',
    2 => 'index',
  ),
)
[ info ] [ HEADER ] array (
  'cookie' => 'PHPSESSID=hqvq18j8521a0taupv6qs68250',
  'accept-language' => 'zh-CN,zh;q=0.9',
  'accept-encoding' => 'gzip, deflate',
  'referer' => 'http://zhmr.cc/console/login/index.html',
  'accept' => 'text/html,application/xhtml+xml,application/xml;q=0.9,image/webp,image/apng,*/*;q=0.8',
  'user-agent' => 'Mozilla/5.0 (Windows NT 6.1; WOW64) AppleWebKit/537.36 (KHTML, like Gecko) Chrome/65.0.3325.181 Safari/537.36',
  'content-type' => 'application/x-www-form-urlencoded',
  'upgrade-insecure-requests' => '1',
  'origin' => 'http://zhmr.cc',
  'cache-control' => 'max-age=0',
  'content-length' => '32',
  'connection' => 'close',
  'host' => 'zhmr.cc',
)
[ info ] [ PARAM ] array (
  'username' => 'admin',
  'password' => 'zunye123',
)
[ info ] [ RUN ] app\console\controller\Login->index[ D:\phpstudy\WWW\20190213zihaimeirong\application\console\controller\Login.php ]
[ info ] [ DB ] INIT mysql
[ info ] [ SESSION ] INIT array (
  'id' => '',
  'var_session_id' => '',
  'prefix' => 'think',
  'type' => '',
  'auto_start' => true,
)
[ info ] [ VIEW ] D:\phpstudy\WWW\20190213zihaimeirong\thinkphp\tpl\dispatch_jump.tpl [ array (
  0 => 'code',
  1 => 'msg',
  2 => 'data',
  3 => 'url',
  4 => 'wait',
) ]
[ info ] [ LOG ] INIT File
[ sql ] [ DB ] CONNECT:[ UseTime:0.010000s ] mysql:dbname=20190211zihaimeirong;host=127.0.0.1;port=3306;charset=utf8
[ sql ] [ SQL ] SHOW COLUMNS FROM `mx_manager` [ RunTime:0.008001s ]
[ sql ] [ SQL ] SELECT * FROM `mx_manager` WHERE  `username` = 'admin'  AND `password` = 'a7769ffc5e9d56b70675f4f1e5cfa525'  AND `status` = 1 LIMIT 1 [ RunTime:0.014001s ]

---------------------------------------------------------------
[ 2019-02-18T13:25:17+08:00 ] 127.0.0.1 127.0.0.1 GET /console/dashboard/index.html
[ log ] zhmr.cc/console/dashboard/index.html [运行时间：0.417024s][吞吐率：2.40req/s] [内存消耗：2,129.78kb] [文件加载：54]
[ info ] [ LANG ] D:\phpstudy\WWW\20190213zihaimeirong\thinkphp\lang\zh-cn.php
[ info ] [ ROUTE ] array (
  'type' => 'module',
  'module' => 
  array (
    0 => 'console',
    1 => 'dashboard',
    2 => 'index',
  ),
)
[ info ] [ HEADER ] array (
  'cookie' => 'PHPSESSID=hqvq18j8521a0taupv6qs68250',
  'accept-language' => 'zh-CN,zh;q=0.9',
  'accept-encoding' => 'gzip, deflate',
  'referer' => 'http://zhmr.cc/console/login/index.html',
  'accept' => 'text/html,application/xhtml+xml,application/xml;q=0.9,image/webp,image/apng,*/*;q=0.8',
  'user-agent' => 'Mozilla/5.0 (Windows NT 6.1; WOW64) AppleWebKit/537.36 (KHTML, like Gecko) Chrome/65.0.3325.181 Safari/537.36',
  'upgrade-insecure-requests' => '1',
  'connection' => 'close',
  'host' => 'zhmr.cc',
)
[ info ] [ PARAM ] array (
)
[ info ] [ SESSION ] INIT array (
  'id' => '',
  'var_session_id' => '',
  'prefix' => 'think',
  'type' => '',
  'auto_start' => true,
)
[ info ] [ DB ] INIT mysql
[ info ] [ DB ] INIT mysql
[ info ] [ RUN ] app\console\controller\Dashboard->index[ D:\phpstudy\WWW\20190213zihaimeirong\application\console\controller\Dashboard.php ]
[ info ] [ VIEW ] D:\phpstudy\WWW\20190213zihaimeirong\public/../application/console\view\dashboard\index.html [ array (
  0 => 'menu_left',
  1 => 'mate_title',
  2 => 'mate_operate',
  3 => 'user',
  4 => 'count',
) ]
[ info ] [ LOG ] INIT File
[ sql ] [ DB ] CONNECT:[ UseTime:0.001000s ] mysql:dbname=20190211zihaimeirong;host=127.0.0.1;port=3306;charset=utf8
[ sql ] [ SQL ] SHOW COLUMNS FROM `mx_manager` [ RunTime:0.008001s ]
[ sql ] [ SQL ] SELECT `group_id` FROM `mx_manager` WHERE  `id` = 1 LIMIT 1 [ RunTime:0.001000s ]
[ sql ] [ SQL ] SELECT `id`,`username`,`avatar`,`nickname`,`mobile` FROM `mx_manager` WHERE  `id` = 1 LIMIT 1 [ RunTime:0.000000s ]
[ sql ] [ DB ] CONNECT:[ UseTime:0.011001s ] mysql:dbname=20190211zihaimeirong;host=127.0.0.1;port=3306;charset=utf8
[ sql ] [ SQL ] SHOW COLUMNS FROM `mx_webconfig` [ RunTime:0.008001s ]
[ sql ] [ SQL ] SELECT * FROM `mx_webconfig` WHERE  `varname` = 'show_num' LIMIT 1 [ RunTime:0.001000s ]
[ sql ] [ SQL ] SHOW COLUMNS FROM `mx_new_car` [ RunTime:0.011000s ]
[ sql ] [ SQL ] SELECT COUNT(*) AS tp_count FROM `mx_new_car` LIMIT 1 [ RunTime:0.068004s ]
[ sql ] [ SQL ] SHOW COLUMNS FROM `mx_old_car` [ RunTime:0.010001s ]
[ sql ] [ SQL ] SELECT COUNT(*) AS tp_count FROM `mx_old_car` LIMIT 1 [ RunTime:0.001000s ]
[ sql ] [ SQL ] SHOW COLUMNS FROM `mx_sell_car` [ RunTime:0.010001s ]
[ sql ] [ SQL ] SELECT COUNT(*) AS tp_count FROM `mx_sell_car` LIMIT 1 [ RunTime:0.001000s ]
[ sql ] [ SQL ] SHOW COLUMNS FROM `mx_feedback` [ RunTime:0.008000s ]
[ sql ] [ SQL ] SELECT COUNT(*) AS tp_count FROM `mx_feedback` LIMIT 1 [ RunTime:0.012001s ]

---------------------------------------------------------------
[ 2019-02-18T13:25:19+08:00 ] 127.0.0.1 127.0.0.1 GET /console/system/index.html
[ log ] zhmr.cc/console/system/index.html [运行时间：0.231014s][吞吐率：4.33req/s] [内存消耗：2,329.70kb] [文件加载：59]
[ info ] [ LANG ] D:\phpstudy\WWW\20190213zihaimeirong\thinkphp\lang\zh-cn.php
[ info ] [ ROUTE ] array (
  'type' => 'module',
  'module' => 
  array (
    0 => 'console',
    1 => 'system',
    2 => 'index',
  ),
)
[ info ] [ HEADER ] array (
  'cookie' => 'PHPSESSID=hqvq18j8521a0taupv6qs68250',
  'accept-language' => 'zh-CN,zh;q=0.9',
  'accept-encoding' => 'gzip, deflate',
  'referer' => 'http://zhmr.cc/console/dashboard/index.html',
  'accept' => 'text/html,application/xhtml+xml,application/xml;q=0.9,image/webp,image/apng,*/*;q=0.8',
  'user-agent' => 'Mozilla/5.0 (Windows NT 6.1; WOW64) AppleWebKit/537.36 (KHTML, like Gecko) Chrome/65.0.3325.181 Safari/537.36',
  'upgrade-insecure-requests' => '1',
  'connection' => 'close',
  'host' => 'zhmr.cc',
)
[ info ] [ PARAM ] array (
)
[ info ] [ SESSION ] INIT array (
  'id' => '',
  'var_session_id' => '',
  'prefix' => 'think',
  'type' => '',
  'auto_start' => true,
)
[ info ] [ DB ] INIT mysql
[ info ] [ DB ] INIT mysql
[ info ] [ RUN ] app\console\controller\System->index[ D:\phpstudy\WWW\20190213zihaimeirong\application\console\controller\System.php ]
[ info ] [ VIEW ] D:\phpstudy\WWW\20190213zihaimeirong\public/../application/console\view\system\index.html [ array (
  0 => 'menu_left',
  1 => 'mate_title',
  2 => 'mate_operate',
  3 => 'user',
  4 => 'list',
) ]
[ info ] [ LOG ] INIT File
[ sql ] [ DB ] CONNECT:[ UseTime:0.010001s ] mysql:dbname=20190211zihaimeirong;host=127.0.0.1;port=3306;charset=utf8
[ sql ] [ SQL ] SHOW COLUMNS FROM `mx_manager` [ RunTime:0.011000s ]
[ sql ] [ SQL ] SELECT `group_id` FROM `mx_manager` WHERE  `id` = 1 LIMIT 1 [ RunTime:0.000000s ]
[ sql ] [ SQL ] SELECT `id`,`username`,`avatar`,`nickname`,`mobile` FROM `mx_manager` WHERE  `id` = 1 LIMIT 1 [ RunTime:0.001000s ]
[ sql ] [ DB ] CONNECT:[ UseTime:0.001001s ] mysql:dbname=20190211zihaimeirong;host=127.0.0.1;port=3306;charset=utf8
[ sql ] [ SQL ] SHOW COLUMNS FROM `mx_webconfig` [ RunTime:0.008000s ]
[ sql ] [ SQL ] SELECT * FROM `mx_webconfig` WHERE  `varname` = 'show_num' LIMIT 1 [ RunTime:0.001000s ]
[ sql ] [ SQL ] SHOW COLUMNS FROM `mx_webtype` [ RunTime:0.007001s ]
[ sql ] [ SQL ] SELECT * FROM `mx_webtype` [ RunTime:0.000000s ]
[ sql ] [ SQL ] SELECT * FROM `mx_webconfig` WHERE  `vargroup` = 1 [ RunTime:0.001000s ]
[ sql ] [ SQL ] SELECT * FROM `mx_webconfig` WHERE  `vargroup` = 2 [ RunTime:0.000000s ]
[ sql ] [ SQL ] SELECT * FROM `mx_webconfig` WHERE  `vargroup` = 6 [ RunTime:0.001000s ]

---------------------------------------------------------------
[ 2019-02-18T13:26:42+08:00 ] 127.0.0.1 127.0.0.1 POST /Console/system/whole.html
[ log ] zhmr.cc/Console/system/whole.html [运行时间：2.147122s][吞吐率：0.47req/s] [内存消耗：2,142.48kb] [文件加载：58]
[ info ] [ LANG ] D:\phpstudy\WWW\20190213zihaimeirong\thinkphp\lang\zh-cn.php
[ info ] [ ROUTE ] array (
  'type' => 'module',
  'module' => 
  array (
    0 => 'Console',
    1 => 'system',
    2 => 'whole',
  ),
)
[ info ] [ HEADER ] array (
  'cookie' => 'PHPSESSID=hqvq18j8521a0taupv6qs68250',
  'accept-language' => 'zh-CN,zh;q=0.9',
  'accept-encoding' => 'gzip, deflate',
  'referer' => 'http://zhmr.cc/console/system/index.html',
  'accept' => 'text/html,application/xhtml+xml,application/xml;q=0.9,image/webp,image/apng,*/*;q=0.8',
  'user-agent' => 'Mozilla/5.0 (Windows NT 6.1; WOW64) AppleWebKit/537.36 (KHTML, like Gecko) Chrome/65.0.3325.181 Safari/537.36',
  'content-type' => 'application/x-www-form-urlencoded',
  'upgrade-insecure-requests' => '1',
  'origin' => 'http://zhmr.cc',
  'cache-control' => 'max-age=0',
  'content-length' => '515',
  'connection' => 'close',
  'host' => 'zhmr.cc',
)
[ info ] [ PARAM ] array (
  'web_name' => '资海美容',
  'web_url' => '',
  'web_author' => '龙采科技',
  'share_details' => '<p>资海美容</p>',
  'logo' => '/uploads/20190211/61773036bbc180f85efcaf9b5b261028.jpg',
  'foot_icp' => 'copyright©2018 ',
  'show_num' => '100',
  'web_phone' => '400-622-8811',
  'sell_img' => '/uploads/20190208/de881590d52ee42f24319dd6d5406df7.jpg',
  'fin_img' => '/uploads/20190208/865cf5e29ee967933aea9bec0e4ab60a.jpg',
  'activity_img' => '/uploads/20190211/ebb268aba6b395347f224e655d51af2f.jpg',
)
[ info ] [ SESSION ] INIT array (
  'id' => '',
  'var_session_id' => '',
  'prefix' => 'think',
  'type' => '',
  'auto_start' => true,
)
[ info ] [ DB ] INIT mysql
[ info ] [ DB ] INIT mysql
[ info ] [ RUN ] app\console\controller\System->whole[ D:\phpstudy\WWW\20190213zihaimeirong\application\console\controller\System.php ]
[ info ] [ CACHE ] INIT File
[ info ] [ DB ] INIT mysql
[ info ] [ VIEW ] D:\phpstudy\WWW\20190213zihaimeirong\thinkphp\tpl\dispatch_jump.tpl [ array (
  0 => 'menu_left',
  1 => 'mate_title',
  2 => 'mate_operate',
  3 => 'user',
  4 => 'code',
  5 => 'msg',
  6 => 'data',
  7 => 'url',
  8 => 'wait',
) ]
[ info ] [ LOG ] INIT File
[ sql ] [ DB ] CONNECT:[ UseTime:0.011000s ] mysql:dbname=20190211zihaimeirong;host=127.0.0.1;port=3306;charset=utf8
[ sql ] [ SQL ] SHOW COLUMNS FROM `mx_manager` [ RunTime:0.014001s ]
[ sql ] [ SQL ] SELECT `group_id` FROM `mx_manager` WHERE  `id` = 1 LIMIT 1 [ RunTime:0.001000s ]
[ sql ] [ SQL ] SELECT `id`,`username`,`avatar`,`nickname`,`mobile` FROM `mx_manager` WHERE  `id` = 1 LIMIT 1 [ RunTime:0.000000s ]
[ sql ] [ DB ] CONNECT:[ UseTime:0.001000s ] mysql:dbname=20190211zihaimeirong;host=127.0.0.1;port=3306;charset=utf8
[ sql ] [ SQL ] SHOW COLUMNS FROM `mx_webconfig` [ RunTime:0.016001s ]
[ sql ] [ SQL ] SELECT * FROM `mx_webconfig` WHERE  `varname` = 'show_num' LIMIT 1 [ RunTime:0.003000s ]
[ sql ] [ SQL ] UPDATE `mx_webconfig`  SET `varvalue`='资海美容'  WHERE  `varname` = 'web_name' [ RunTime:0.094005s ]
[ sql ] [ SQL ] UPDATE `mx_webconfig`  SET `varvalue`=''  WHERE  `varname` = 'web_url' [ RunTime:0.107006s ]
[ sql ] [ SQL ] UPDATE `mx_webconfig`  SET `varvalue`='龙采科技'  WHERE  `varname` = 'web_author' [ RunTime:0.070004s ]
[ sql ] [ SQL ] UPDATE `mx_webconfig`  SET `varvalue`='<p>资海美容</p>'  WHERE  `varname` = 'share_details' [ RunTime:0.062004s ]
[ sql ] [ SQL ] UPDATE `mx_webconfig`  SET `varvalue`='/uploads/20190211/61773036bbc180f85efcaf9b5b261028.jpg'  WHERE  `varname` = 'logo' [ RunTime:0.058003s ]
[ sql ] [ SQL ] UPDATE `mx_webconfig`  SET `varvalue`='copyright©2018 '  WHERE  `varname` = 'foot_icp' [ RunTime:0.077005s ]
[ sql ] [ SQL ] UPDATE `mx_webconfig`  SET `varvalue`='100'  WHERE  `varname` = 'show_num' [ RunTime:0.049003s ]
[ sql ] [ SQL ] UPDATE `mx_webconfig`  SET `varvalue`='400-622-8811'  WHERE  `varname` = 'web_phone' [ RunTime:0.046002s ]
[ sql ] [ SQL ] UPDATE `mx_webconfig`  SET `varvalue`='/uploads/20190208/de881590d52ee42f24319dd6d5406df7.jpg'  WHERE  `varname` = 'sell_img' [ RunTime:0.141008s ]
[ sql ] [ SQL ] UPDATE `mx_webconfig`  SET `varvalue`='/uploads/20190208/865cf5e29ee967933aea9bec0e4ab60a.jpg'  WHERE  `varname` = 'fin_img' [ RunTime:0.342020s ]
[ sql ] [ SQL ] UPDATE `mx_webconfig`  SET `varvalue`='/uploads/20190211/ebb268aba6b395347f224e655d51af2f.jpg'  WHERE  `varname` = 'activity_img' [ RunTime:0.718041s ]
[ sql ] [ DB ] CONNECT:[ UseTime:0.001000s ] mysql:dbname=20190211zihaimeirong;host=127.0.0.1;port=3306;charset=utf8
[ sql ] [ SQL ] SELECT `varname`,`varvalue` FROM `mx_webconfig` [ RunTime:0.000000s ]

---------------------------------------------------------------
[ 2019-02-18T13:26:43+08:00 ] 127.0.0.1 127.0.0.1 GET /console/system/index.html
[ log ] zhmr.cc/console/system/index.html [运行时间：0.112006s][吞吐率：8.93req/s] [内存消耗：2,141.84kb] [文件加载：57]
[ info ] [ LANG ] D:\phpstudy\WWW\20190213zihaimeirong\thinkphp\lang\zh-cn.php
[ info ] [ ROUTE ] array (
  'type' => 'module',
  'module' => 
  array (
    0 => 'console',
    1 => 'system',
    2 => 'index',
  ),
)
[ info ] [ HEADER ] array (
  'cookie' => 'PHPSESSID=hqvq18j8521a0taupv6qs68250',
  'accept-language' => 'zh-CN,zh;q=0.9',
  'accept-encoding' => 'gzip, deflate',
  'referer' => 'http://zhmr.cc/Console/system/whole.html',
  'accept' => 'text/html,application/xhtml+xml,application/xml;q=0.9,image/webp,image/apng,*/*;q=0.8',
  'user-agent' => 'Mozilla/5.0 (Windows NT 6.1; WOW64) AppleWebKit/537.36 (KHTML, like Gecko) Chrome/65.0.3325.181 Safari/537.36',
  'upgrade-insecure-requests' => '1',
  'connection' => 'close',
  'host' => 'zhmr.cc',
)
[ info ] [ PARAM ] array (
)
[ info ] [ SESSION ] INIT array (
  'id' => '',
  'var_session_id' => '',
  'prefix' => 'think',
  'type' => '',
  'auto_start' => true,
)
[ info ] [ DB ] INIT mysql
[ info ] [ DB ] INIT mysql
[ info ] [ RUN ] app\console\controller\System->index[ D:\phpstudy\WWW\20190213zihaimeirong\application\console\controller\System.php ]
[ info ] [ VIEW ] D:\phpstudy\WWW\20190213zihaimeirong\public/../application/console\view\system\index.html [ array (
  0 => 'menu_left',
  1 => 'mate_title',
  2 => 'mate_operate',
  3 => 'user',
  4 => 'list',
) ]
[ info ] [ LOG ] INIT File
[ sql ] [ DB ] CONNECT:[ UseTime:0.000000s ] mysql:dbname=20190211zihaimeirong;host=127.0.0.1;port=3306;charset=utf8
[ sql ] [ SQL ] SHOW COLUMNS FROM `mx_manager` [ RunTime:0.013001s ]
[ sql ] [ SQL ] SELECT `group_id` FROM `mx_manager` WHERE  `id` = 1 LIMIT 1 [ RunTime:0.000000s ]
[ sql ] [ SQL ] SELECT `id`,`username`,`avatar`,`nickname`,`mobile` FROM `mx_manager` WHERE  `id` = 1 LIMIT 1 [ RunTime:0.001000s ]
[ sql ] [ DB ] CONNECT:[ UseTime:0.001000s ] mysql:dbname=20190211zihaimeirong;host=127.0.0.1;port=3306;charset=utf8
[ sql ] [ SQL ] SHOW COLUMNS FROM `mx_webconfig` [ RunTime:0.011001s ]
[ sql ] [ SQL ] SELECT * FROM `mx_webconfig` WHERE  `varname` = 'show_num' LIMIT 1 [ RunTime:0.000000s ]
[ sql ] [ SQL ] SHOW COLUMNS FROM `mx_webtype` [ RunTime:0.009001s ]
[ sql ] [ SQL ] SELECT * FROM `mx_webtype` [ RunTime:0.001000s ]
[ sql ] [ SQL ] SELECT * FROM `mx_webconfig` WHERE  `vargroup` = 1 [ RunTime:0.001000s ]
[ sql ] [ SQL ] SELECT * FROM `mx_webconfig` WHERE  `vargroup` = 2 [ RunTime:0.000000s ]
[ sql ] [ SQL ] SELECT * FROM `mx_webconfig` WHERE  `vargroup` = 6 [ RunTime:0.000000s ]

---------------------------------------------------------------
[ 2019-02-18T13:29:45+08:00 ] 127.0.0.1 127.0.0.1 POST /Console/common/updel.html
[ log ] zhmr.cc/Console/common/updel.html [运行时间：0.066003s][吞吐率：15.15req/s] [内存消耗：1,182.19kb] [文件加载：41]
[ info ] [ LANG ] D:\phpstudy\WWW\20190213zihaimeirong\thinkphp\lang\zh-cn.php
[ info ] [ ROUTE ] array (
  'type' => 'module',
  'module' => 
  array (
    0 => 'Console',
    1 => 'common',
    2 => 'updel',
  ),
)
[ info ] [ HEADER ] array (
  'cookie' => 'PHPSESSID=hqvq18j8521a0taupv6qs68250',
  'accept-language' => 'zh-CN,zh;q=0.9',
  'accept-encoding' => 'gzip, deflate',
  'referer' => 'http://zhmr.cc/console/system/index.html',
  'content-type' => 'application/x-www-form-urlencoded; charset=UTF-8',
  'user-agent' => 'Mozilla/5.0 (Windows NT 6.1; WOW64) AppleWebKit/537.36 (KHTML, like Gecko) Chrome/65.0.3325.181 Safari/537.36',
  'x-requested-with' => 'XMLHttpRequest',
  'origin' => 'http://zhmr.cc',
  'accept' => '*/*',
  'content-length' => '69',
  'connection' => 'close',
  'host' => 'zhmr.cc',
)
[ info ] [ PARAM ] array (
  'filename' => '/uploads/20190211/ebb268aba6b395347f224e655d51af2f.jpg',
)
[ info ] [ RUN ] app\console\controller\Common->updel[ D:\phpstudy\WWW\20190213zihaimeirong\application\console\controller\Common.php ]
[ info ] [ LOG ] INIT File

---------------------------------------------------------------
[ 2019-02-18T13:29:48+08:00 ] 127.0.0.1 127.0.0.1 POST /Console/common/updel.html
[ log ] zhmr.cc/Console/common/updel.html [运行时间：0.042003s][吞吐率：23.81req/s] [内存消耗：1,182.19kb] [文件加载：41]
[ info ] [ LANG ] D:\phpstudy\WWW\20190213zihaimeirong\thinkphp\lang\zh-cn.php
[ info ] [ ROUTE ] array (
  'type' => 'module',
  'module' => 
  array (
    0 => 'Console',
    1 => 'common',
    2 => 'updel',
  ),
)
[ info ] [ HEADER ] array (
  'cookie' => 'PHPSESSID=hqvq18j8521a0taupv6qs68250',
  'accept-language' => 'zh-CN,zh;q=0.9',
  'accept-encoding' => 'gzip, deflate',
  'referer' => 'http://zhmr.cc/console/system/index.html',
  'content-type' => 'application/x-www-form-urlencoded; charset=UTF-8',
  'user-agent' => 'Mozilla/5.0 (Windows NT 6.1; WOW64) AppleWebKit/537.36 (KHTML, like Gecko) Chrome/65.0.3325.181 Safari/537.36',
  'x-requested-with' => 'XMLHttpRequest',
  'origin' => 'http://zhmr.cc',
  'accept' => '*/*',
  'content-length' => '69',
  'connection' => 'close',
  'host' => 'zhmr.cc',
)
[ info ] [ PARAM ] array (
  'filename' => '/uploads/20190208/865cf5e29ee967933aea9bec0e4ab60a.jpg',
)
[ info ] [ RUN ] app\console\controller\Common->updel[ D:\phpstudy\WWW\20190213zihaimeirong\application\console\controller\Common.php ]
[ info ] [ LOG ] INIT File

---------------------------------------------------------------
[ 2019-02-18T13:29:51+08:00 ] 127.0.0.1 127.0.0.1 POST /Console/common/updel.html
[ log ] zhmr.cc/Console/common/updel.html [运行时间：0.039002s][吞吐率：25.64req/s] [内存消耗：1,182.19kb] [文件加载：41]
[ info ] [ LANG ] D:\phpstudy\WWW\20190213zihaimeirong\thinkphp\lang\zh-cn.php
[ info ] [ ROUTE ] array (
  'type' => 'module',
  'module' => 
  array (
    0 => 'Console',
    1 => 'common',
    2 => 'updel',
  ),
)
[ info ] [ HEADER ] array (
  'cookie' => 'PHPSESSID=hqvq18j8521a0taupv6qs68250',
  'accept-language' => 'zh-CN,zh;q=0.9',
  'accept-encoding' => 'gzip, deflate',
  'referer' => 'http://zhmr.cc/console/system/index.html',
  'content-type' => 'application/x-www-form-urlencoded; charset=UTF-8',
  'user-agent' => 'Mozilla/5.0 (Windows NT 6.1; WOW64) AppleWebKit/537.36 (KHTML, like Gecko) Chrome/65.0.3325.181 Safari/537.36',
  'x-requested-with' => 'XMLHttpRequest',
  'origin' => 'http://zhmr.cc',
  'accept' => '*/*',
  'content-length' => '69',
  'connection' => 'close',
  'host' => 'zhmr.cc',
)
[ info ] [ PARAM ] array (
  'filename' => '/uploads/20190208/de881590d52ee42f24319dd6d5406df7.jpg',
)
[ info ] [ RUN ] app\console\controller\Common->updel[ D:\phpstudy\WWW\20190213zihaimeirong\application\console\controller\Common.php ]
[ info ] [ LOG ] INIT File

---------------------------------------------------------------
[ 2019-02-18T13:29:55+08:00 ] 127.0.0.1 127.0.0.1 POST /Console/system/whole.html
[ log ] zhmr.cc/Console/system/whole.html [运行时间：0.859049s][吞吐率：1.16req/s] [内存消耗：2,140.02kb] [文件加载：58]
[ info ] [ LANG ] D:\phpstudy\WWW\20190213zihaimeirong\thinkphp\lang\zh-cn.php
[ info ] [ ROUTE ] array (
  'type' => 'module',
  'module' => 
  array (
    0 => 'Console',
    1 => 'system',
    2 => 'whole',
  ),
)
[ info ] [ HEADER ] array (
  'cookie' => 'PHPSESSID=hqvq18j8521a0taupv6qs68250',
  'accept-language' => 'zh-CN,zh;q=0.9',
  'accept-encoding' => 'gzip, deflate',
  'referer' => 'http://zhmr.cc/console/system/index.html',
  'accept' => 'text/html,application/xhtml+xml,application/xml;q=0.9,image/webp,image/apng,*/*;q=0.8',
  'user-agent' => 'Mozilla/5.0 (Windows NT 6.1; WOW64) AppleWebKit/537.36 (KHTML, like Gecko) Chrome/65.0.3325.181 Safari/537.36',
  'content-type' => 'application/x-www-form-urlencoded',
  'upgrade-insecure-requests' => '1',
  'origin' => 'http://zhmr.cc',
  'cache-control' => 'max-age=0',
  'content-length' => '335',
  'connection' => 'close',
  'host' => 'zhmr.cc',
)
[ info ] [ PARAM ] array (
  'web_name' => '资海美容',
  'web_url' => '',
  'web_author' => '龙采科技',
  'share_details' => '<p>资海美容</p>',
  'logo' => '/uploads/20190211/61773036bbc180f85efcaf9b5b261028.jpg',
  'foot_icp' => 'copyright©2018 ',
  'show_num' => '100',
  'web_phone' => '400-622-8811',
  'sell_img' => '',
  'fin_img' => '',
  'activity_img' => '',
)
[ info ] [ SESSION ] INIT array (
  'id' => '',
  'var_session_id' => '',
  'prefix' => 'think',
  'type' => '',
  'auto_start' => true,
)
[ info ] [ DB ] INIT mysql
[ info ] [ DB ] INIT mysql
[ info ] [ RUN ] app\console\controller\System->whole[ D:\phpstudy\WWW\20190213zihaimeirong\application\console\controller\System.php ]
[ info ] [ CACHE ] INIT File
[ info ] [ DB ] INIT mysql
[ info ] [ VIEW ] D:\phpstudy\WWW\20190213zihaimeirong\thinkphp\tpl\dispatch_jump.tpl [ array (
  0 => 'menu_left',
  1 => 'mate_title',
  2 => 'mate_operate',
  3 => 'user',
  4 => 'code',
  5 => 'msg',
  6 => 'data',
  7 => 'url',
  8 => 'wait',
) ]
[ info ] [ LOG ] INIT File
[ sql ] [ DB ] CONNECT:[ UseTime:0.012001s ] mysql:dbname=20190211zihaimeirong;host=127.0.0.1;port=3306;charset=utf8
[ sql ] [ SQL ] SHOW COLUMNS FROM `mx_manager` [ RunTime:0.016001s ]
[ sql ] [ SQL ] SELECT `group_id` FROM `mx_manager` WHERE  `id` = 1 LIMIT 1 [ RunTime:0.001000s ]
[ sql ] [ SQL ] SELECT `id`,`username`,`avatar`,`nickname`,`mobile` FROM `mx_manager` WHERE  `id` = 1 LIMIT 1 [ RunTime:0.001000s ]
[ sql ] [ DB ] CONNECT:[ UseTime:0.001000s ] mysql:dbname=20190211zihaimeirong;host=127.0.0.1;port=3306;charset=utf8
[ sql ] [ SQL ] SHOW COLUMNS FROM `mx_webconfig` [ RunTime:0.011001s ]
[ sql ] [ SQL ] SELECT * FROM `mx_webconfig` WHERE  `varname` = 'show_num' LIMIT 1 [ RunTime:0.001000s ]
[ sql ] [ SQL ] UPDATE `mx_webconfig`  SET `varvalue`='资海美容'  WHERE  `varname` = 'web_name' [ RunTime:0.072004s ]
[ sql ] [ SQL ] UPDATE `mx_webconfig`  SET `varvalue`=''  WHERE  `varname` = 'web_url' [ RunTime:0.069004s ]
[ sql ] [ SQL ] UPDATE `mx_webconfig`  SET `varvalue`='龙采科技'  WHERE  `varname` = 'web_author' [ RunTime:0.067004s ]
[ sql ] [ SQL ] UPDATE `mx_webconfig`  SET `varvalue`='<p>资海美容</p>'  WHERE  `varname` = 'share_details' [ RunTime:0.122007s ]
[ sql ] [ SQL ] UPDATE `mx_webconfig`  SET `varvalue`='/uploads/20190211/61773036bbc180f85efcaf9b5b261028.jpg'  WHERE  `varname` = 'logo' [ RunTime:0.051003s ]
[ sql ] [ SQL ] UPDATE `mx_webconfig`  SET `varvalue`='copyright©2018 '  WHERE  `varname` = 'foot_icp' [ RunTime:0.075004s ]
[ sql ] [ SQL ] UPDATE `mx_webconfig`  SET `varvalue`='100'  WHERE  `varname` = 'show_num' [ RunTime:0.058004s ]
[ sql ] [ SQL ] UPDATE `mx_webconfig`  SET `varvalue`='400-622-8811'  WHERE  `varname` = 'web_phone' [ RunTime:0.046002s ]
[ sql ] [ SQL ] UPDATE `mx_webconfig`  SET `varvalue`=''  WHERE  `varname` = 'sell_img' [ RunTime:0.042003s ]
[ sql ] [ SQL ] UPDATE `mx_webconfig`  SET `varvalue`=''  WHERE  `varname` = 'fin_img' [ RunTime:0.040002s ]
[ sql ] [ SQL ] UPDATE `mx_webconfig`  SET `varvalue`=''  WHERE  `varname` = 'activity_img' [ RunTime:0.053003s ]
[ sql ] [ DB ] CONNECT:[ UseTime:0.000000s ] mysql:dbname=20190211zihaimeirong;host=127.0.0.1;port=3306;charset=utf8
[ sql ] [ SQL ] SELECT `varname`,`varvalue` FROM `mx_webconfig` [ RunTime:0.001000s ]

---------------------------------------------------------------
[ 2019-02-18T13:29:56+08:00 ] 127.0.0.1 127.0.0.1 GET /console/system/index.html
[ log ] zhmr.cc/console/system/index.html [运行时间：0.158009s][吞吐率：6.33req/s] [内存消耗：2,141.36kb] [文件加载：57]
[ info ] [ LANG ] D:\phpstudy\WWW\20190213zihaimeirong\thinkphp\lang\zh-cn.php
[ info ] [ ROUTE ] array (
  'type' => 'module',
  'module' => 
  array (
    0 => 'console',
    1 => 'system',
    2 => 'index',
  ),
)
[ info ] [ HEADER ] array (
  'cookie' => 'PHPSESSID=hqvq18j8521a0taupv6qs68250',
  'accept-language' => 'zh-CN,zh;q=0.9',
  'accept-encoding' => 'gzip, deflate',
  'referer' => 'http://zhmr.cc/Console/system/whole.html',
  'accept' => 'text/html,application/xhtml+xml,application/xml;q=0.9,image/webp,image/apng,*/*;q=0.8',
  'user-agent' => 'Mozilla/5.0 (Windows NT 6.1; WOW64) AppleWebKit/537.36 (KHTML, like Gecko) Chrome/65.0.3325.181 Safari/537.36',
  'upgrade-insecure-requests' => '1',
  'connection' => 'close',
  'host' => 'zhmr.cc',
)
[ info ] [ PARAM ] array (
)
[ info ] [ SESSION ] INIT array (
  'id' => '',
  'var_session_id' => '',
  'prefix' => 'think',
  'type' => '',
  'auto_start' => true,
)
[ info ] [ DB ] INIT mysql
[ info ] [ DB ] INIT mysql
[ info ] [ RUN ] app\console\controller\System->index[ D:\phpstudy\WWW\20190213zihaimeirong\application\console\controller\System.php ]
[ info ] [ VIEW ] D:\phpstudy\WWW\20190213zihaimeirong\public/../application/console\view\system\index.html [ array (
  0 => 'menu_left',
  1 => 'mate_title',
  2 => 'mate_operate',
  3 => 'user',
  4 => 'list',
) ]
[ info ] [ LOG ] INIT File
[ sql ] [ DB ] CONNECT:[ UseTime:0.011001s ] mysql:dbname=20190211zihaimeirong;host=127.0.0.1;port=3306;charset=utf8
[ sql ] [ SQL ] SHOW COLUMNS FROM `mx_manager` [ RunTime:0.029001s ]
[ sql ] [ SQL ] SELECT `group_id` FROM `mx_manager` WHERE  `id` = 1 LIMIT 1 [ RunTime:0.001000s ]
[ sql ] [ SQL ] SELECT `id`,`username`,`avatar`,`nickname`,`mobile` FROM `mx_manager` WHERE  `id` = 1 LIMIT 1 [ RunTime:0.000000s ]
[ sql ] [ DB ] CONNECT:[ UseTime:0.001000s ] mysql:dbname=20190211zihaimeirong;host=127.0.0.1;port=3306;charset=utf8
[ sql ] [ SQL ] SHOW COLUMNS FROM `mx_webconfig` [ RunTime:0.012000s ]
[ sql ] [ SQL ] SELECT * FROM `mx_webconfig` WHERE  `varname` = 'show_num' LIMIT 1 [ RunTime:0.001000s ]
[ sql ] [ SQL ] SHOW COLUMNS FROM `mx_webtype` [ RunTime:0.012000s ]
[ sql ] [ SQL ] SELECT * FROM `mx_webtype` [ RunTime:0.001000s ]
[ sql ] [ SQL ] SELECT * FROM `mx_webconfig` WHERE  `vargroup` = 1 [ RunTime:0.000000s ]
[ sql ] [ SQL ] SELECT * FROM `mx_webconfig` WHERE  `vargroup` = 2 [ RunTime:0.001001s ]
[ sql ] [ SQL ] SELECT * FROM `mx_webconfig` WHERE  `vargroup` = 6 [ RunTime:0.000000s ]

---------------------------------------------------------------
[ 2019-02-18T13:30:07+08:00 ] 127.0.0.1 127.0.0.1 GET /Console/login/logout.html
[ log ] zhmr.cc/Console/login/logout.html [运行时间：0.058003s][吞吐率：17.24req/s] [内存消耗：1,221.65kb] [文件加载：43]
[ info ] [ LANG ] D:\phpstudy\WWW\20190213zihaimeirong\thinkphp\lang\zh-cn.php
[ info ] [ ROUTE ] array (
  'type' => 'module',
  'module' => 
  array (
    0 => 'Console',
    1 => 'login',
    2 => 'logout',
  ),
)
[ info ] [ HEADER ] array (
  'cookie' => 'PHPSESSID=hqvq18j8521a0taupv6qs68250',
  'accept-language' => 'zh-CN,zh;q=0.9',
  'accept-encoding' => 'gzip, deflate',
  'referer' => 'http://zhmr.cc/console/system/index.html',
  'accept' => 'text/html,application/xhtml+xml,application/xml;q=0.9,image/webp,image/apng,*/*;q=0.8',
  'user-agent' => 'Mozilla/5.0 (Windows NT 6.1; WOW64) AppleWebKit/537.36 (KHTML, like Gecko) Chrome/65.0.3325.181 Safari/537.36',
  'upgrade-insecure-requests' => '1',
  'connection' => 'close',
  'host' => 'zhmr.cc',
)
[ info ] [ PARAM ] array (
)
[ info ] [ RUN ] app\console\controller\Login->logout[ D:\phpstudy\WWW\20190213zihaimeirong\application\console\controller\Login.php ]
[ info ] [ SESSION ] INIT array (
  'id' => '',
  'var_session_id' => '',
  'prefix' => 'think',
  'type' => '',
  'auto_start' => true,
)
[ info ] [ LOG ] INIT File

---------------------------------------------------------------
[ 2019-02-18T13:30:07+08:00 ] 127.0.0.1 127.0.0.1 GET /console/login/index.html
[ log ] zhmr.cc/console/login/index.html [运行时间：0.031001s][吞吐率：32.26req/s] [内存消耗：1,206.73kb] [文件加载：42]
[ info ] [ LANG ] D:\phpstudy\WWW\20190213zihaimeirong\thinkphp\lang\zh-cn.php
[ info ] [ ROUTE ] array (
  'type' => 'module',
  'module' => 
  array (
    0 => 'console',
    1 => 'login',
    2 => 'index',
  ),
)
[ info ] [ HEADER ] array (
  'cookie' => 'PHPSESSID=hqvq18j8521a0taupv6qs68250',
  'accept-language' => 'zh-CN,zh;q=0.9',
  'accept-encoding' => 'gzip, deflate',
  'referer' => 'http://zhmr.cc/console/system/index.html',
  'accept' => 'text/html,application/xhtml+xml,application/xml;q=0.9,image/webp,image/apng,*/*;q=0.8',
  'user-agent' => 'Mozilla/5.0 (Windows NT 6.1; WOW64) AppleWebKit/537.36 (KHTML, like Gecko) Chrome/65.0.3325.181 Safari/537.36',
  'upgrade-insecure-requests' => '1',
  'connection' => 'close',
  'host' => 'zhmr.cc',
)
[ info ] [ PARAM ] array (
)
[ info ] [ RUN ] app\console\controller\Login->index[ D:\phpstudy\WWW\20190213zihaimeirong\application\console\controller\Login.php ]
[ info ] [ SESSION ] INIT array (
  'id' => '',
  'var_session_id' => '',
  'prefix' => 'think',
  'type' => '',
  'auto_start' => true,
)
[ info ] [ VIEW ] D:\phpstudy\WWW\20190213zihaimeirong\public/../application/console\view\.\login.html [ array (
  0 => 'mate_title',
) ]
[ info ] [ LOG ] INIT File

---------------------------------------------------------------
[ 2019-02-18T13:30:09+08:00 ] 127.0.0.1 127.0.0.1 GET /console/login/index.html
[ log ] zhmr.cc/console/login/index.html [运行时间：0.059003s][吞吐率：16.95req/s] [内存消耗：1,206.95kb] [文件加载：42]
[ info ] [ LANG ] D:\phpstudy\WWW\20190213zihaimeirong\thinkphp\lang\zh-cn.php
[ info ] [ ROUTE ] array (
  'type' => 'module',
  'module' => 
  array (
    0 => 'console',
    1 => 'login',
    2 => 'index',
  ),
)
[ info ] [ HEADER ] array (
  'cookie' => 'PHPSESSID=hqvq18j8521a0taupv6qs68250',
  'accept-language' => 'zh-CN,zh;q=0.9',
  'accept-encoding' => 'gzip, deflate',
  'referer' => 'http://zhmr.cc/console/system/index.html',
  'accept' => 'text/html,application/xhtml+xml,application/xml;q=0.9,image/webp,image/apng,*/*;q=0.8',
  'user-agent' => 'Mozilla/5.0 (Windows NT 6.1; WOW64) AppleWebKit/537.36 (KHTML, like Gecko) Chrome/65.0.3325.181 Safari/537.36',
  'upgrade-insecure-requests' => '1',
  'cache-control' => 'max-age=0',
  'connection' => 'close',
  'host' => 'zhmr.cc',
)
[ info ] [ PARAM ] array (
)
[ info ] [ RUN ] app\console\controller\Login->index[ D:\phpstudy\WWW\20190213zihaimeirong\application\console\controller\Login.php ]
[ info ] [ SESSION ] INIT array (
  'id' => '',
  'var_session_id' => '',
  'prefix' => 'think',
  'type' => '',
  'auto_start' => true,
)
[ info ] [ VIEW ] D:\phpstudy\WWW\20190213zihaimeirong\public/../application/console\view\.\login.html [ array (
  0 => 'mate_title',
) ]
[ info ] [ LOG ] INIT File

---------------------------------------------------------------
[ 2019-02-18T13:30:14+08:00 ] 127.0.0.1 127.0.0.1 POST /console/login/index.html
[ log ] zhmr.cc/console/login/index.html [运行时间：0.091005s][吞吐率：10.99req/s] [内存消耗：1,927.20kb] [文件加载：52]
[ info ] [ LANG ] D:\phpstudy\WWW\20190213zihaimeirong\thinkphp\lang\zh-cn.php
[ info ] [ ROUTE ] array (
  'type' => 'module',
  'module' => 
  array (
    0 => 'console',
    1 => 'login',
    2 => 'index',
  ),
)
[ info ] [ HEADER ] array (
  'cookie' => 'PHPSESSID=hqvq18j8521a0taupv6qs68250',
  'accept-language' => 'zh-CN,zh;q=0.9',
  'accept-encoding' => 'gzip, deflate',
  'referer' => 'http://zhmr.cc/console/login/index.html',
  'accept' => 'text/html,application/xhtml+xml,application/xml;q=0.9,image/webp,image/apng,*/*;q=0.8',
  'user-agent' => 'Mozilla/5.0 (Windows NT 6.1; WOW64) AppleWebKit/537.36 (KHTML, like Gecko) Chrome/65.0.3325.181 Safari/537.36',
  'content-type' => 'application/x-www-form-urlencoded',
  'upgrade-insecure-requests' => '1',
  'origin' => 'http://zhmr.cc',
  'cache-control' => 'max-age=0',
  'content-length' => '32',
  'connection' => 'close',
  'host' => 'zhmr.cc',
)
[ info ] [ PARAM ] array (
  'username' => 'admin',
  'password' => 'zunye123',
)
[ info ] [ RUN ] app\console\controller\Login->index[ D:\phpstudy\WWW\20190213zihaimeirong\application\console\controller\Login.php ]
[ info ] [ DB ] INIT mysql
[ info ] [ SESSION ] INIT array (
  'id' => '',
  'var_session_id' => '',
  'prefix' => 'think',
  'type' => '',
  'auto_start' => true,
)
[ info ] [ VIEW ] D:\phpstudy\WWW\20190213zihaimeirong\thinkphp\tpl\dispatch_jump.tpl [ array (
  0 => 'code',
  1 => 'msg',
  2 => 'data',
  3 => 'url',
  4 => 'wait',
) ]
[ info ] [ LOG ] INIT File
[ sql ] [ DB ] CONNECT:[ UseTime:0.001000s ] mysql:dbname=20190211zihaimeirong;host=127.0.0.1;port=3306;charset=utf8
[ sql ] [ SQL ] SHOW COLUMNS FROM `mx_manager` [ RunTime:0.011001s ]
[ sql ] [ SQL ] SELECT * FROM `mx_manager` WHERE  `username` = 'admin'  AND `password` = 'a7769ffc5e9d56b70675f4f1e5cfa525'  AND `status` = 1 LIMIT 1 [ RunTime:0.001000s ]

---------------------------------------------------------------
[ 2019-02-18T13:30:16+08:00 ] 127.0.0.1 127.0.0.1 GET /console/dashboard/index.html
[ log ] zhmr.cc/console/dashboard/index.html [运行时间：0.171010s][吞吐率：5.85req/s] [内存消耗：1,975.30kb] [文件加载：52]
[ info ] [ LANG ] D:\phpstudy\WWW\20190213zihaimeirong\thinkphp\lang\zh-cn.php
[ info ] [ ROUTE ] array (
  'type' => 'module',
  'module' => 
  array (
    0 => 'console',
    1 => 'dashboard',
    2 => 'index',
  ),
)
[ info ] [ HEADER ] array (
  'cookie' => 'PHPSESSID=hqvq18j8521a0taupv6qs68250',
  'accept-language' => 'zh-CN,zh;q=0.9',
  'accept-encoding' => 'gzip, deflate',
  'referer' => 'http://zhmr.cc/console/login/index.html',
  'accept' => 'text/html,application/xhtml+xml,application/xml;q=0.9,image/webp,image/apng,*/*;q=0.8',
  'user-agent' => 'Mozilla/5.0 (Windows NT 6.1; WOW64) AppleWebKit/537.36 (KHTML, like Gecko) Chrome/65.0.3325.181 Safari/537.36',
  'upgrade-insecure-requests' => '1',
  'connection' => 'close',
  'host' => 'zhmr.cc',
)
[ info ] [ PARAM ] array (
)
[ info ] [ SESSION ] INIT array (
  'id' => '',
  'var_session_id' => '',
  'prefix' => 'think',
  'type' => '',
  'auto_start' => true,
)
[ info ] [ DB ] INIT mysql
[ info ] [ DB ] INIT mysql
[ info ] [ RUN ] app\console\controller\Dashboard->index[ D:\phpstudy\WWW\20190213zihaimeirong\application\console\controller\Dashboard.php ]
[ info ] [ VIEW ] D:\phpstudy\WWW\20190213zihaimeirong\public/../application/console\view\dashboard\index.html [ array (
  0 => 'menu_left',
  1 => 'mate_title',
  2 => 'mate_operate',
  3 => 'user',
  4 => 'count',
) ]
[ info ] [ LOG ] INIT File
[ sql ] [ DB ] CONNECT:[ UseTime:0.002000s ] mysql:dbname=20190211zihaimeirong;host=127.0.0.1;port=3306;charset=utf8
[ sql ] [ SQL ] SHOW COLUMNS FROM `mx_manager` [ RunTime:0.013001s ]
[ sql ] [ SQL ] SELECT `group_id` FROM `mx_manager` WHERE  `id` = 1 LIMIT 1 [ RunTime:0.001000s ]
[ sql ] [ SQL ] SELECT `id`,`username`,`avatar`,`nickname`,`mobile` FROM `mx_manager` WHERE  `id` = 1 LIMIT 1 [ RunTime:0.001000s ]
[ sql ] [ DB ] CONNECT:[ UseTime:0.000000s ] mysql:dbname=20190211zihaimeirong;host=127.0.0.1;port=3306;charset=utf8
[ sql ] [ SQL ] SHOW COLUMNS FROM `mx_webconfig` [ RunTime:0.011001s ]
[ sql ] [ SQL ] SELECT * FROM `mx_webconfig` WHERE  `varname` = 'show_num' LIMIT 1 [ RunTime:0.001000s ]
[ sql ] [ SQL ] SHOW COLUMNS FROM `mx_new_car` [ RunTime:0.016001s ]
[ sql ] [ SQL ] SELECT COUNT(*) AS tp_count FROM `mx_new_car` LIMIT 1 [ RunTime:0.009000s ]
[ sql ] [ SQL ] SHOW COLUMNS FROM `mx_old_car` [ RunTime:0.012001s ]
[ sql ] [ SQL ] SELECT COUNT(*) AS tp_count FROM `mx_old_car` LIMIT 1 [ RunTime:0.001000s ]
[ sql ] [ SQL ] SHOW COLUMNS FROM `mx_sell_car` [ RunTime:0.011001s ]
[ sql ] [ SQL ] SELECT COUNT(*) AS tp_count FROM `mx_sell_car` LIMIT 1 [ RunTime:0.001000s ]
[ sql ] [ SQL ] SHOW COLUMNS FROM `mx_feedback` [ RunTime:0.012001s ]
[ sql ] [ SQL ] SELECT COUNT(*) AS tp_count FROM `mx_feedback` LIMIT 1 [ RunTime:0.000000s ]

---------------------------------------------------------------
[ 2019-02-18T13:30:17+08:00 ] 127.0.0.1 127.0.0.1 GET /console/system/index.html
[ log ] zhmr.cc/console/system/index.html [运行时间：0.126007s][吞吐率：7.94req/s] [内存消耗：2,141.41kb] [文件加载：57]
[ info ] [ LANG ] D:\phpstudy\WWW\20190213zihaimeirong\thinkphp\lang\zh-cn.php
[ info ] [ ROUTE ] array (
  'type' => 'module',
  'module' => 
  array (
    0 => 'console',
    1 => 'system',
    2 => 'index',
  ),
)
[ info ] [ HEADER ] array (
  'cookie' => 'PHPSESSID=hqvq18j8521a0taupv6qs68250',
  'accept-language' => 'zh-CN,zh;q=0.9',
  'accept-encoding' => 'gzip, deflate',
  'referer' => 'http://zhmr.cc/console/dashboard/index.html',
  'accept' => 'text/html,application/xhtml+xml,application/xml;q=0.9,image/webp,image/apng,*/*;q=0.8',
  'user-agent' => 'Mozilla/5.0 (Windows NT 6.1; WOW64) AppleWebKit/537.36 (KHTML, like Gecko) Chrome/65.0.3325.181 Safari/537.36',
  'upgrade-insecure-requests' => '1',
  'connection' => 'close',
  'host' => 'zhmr.cc',
)
[ info ] [ PARAM ] array (
)
[ info ] [ SESSION ] INIT array (
  'id' => '',
  'var_session_id' => '',
  'prefix' => 'think',
  'type' => '',
  'auto_start' => true,
)
[ info ] [ DB ] INIT mysql
[ info ] [ DB ] INIT mysql
[ info ] [ RUN ] app\console\controller\System->index[ D:\phpstudy\WWW\20190213zihaimeirong\application\console\controller\System.php ]
[ info ] [ VIEW ] D:\phpstudy\WWW\20190213zihaimeirong\public/../application/console\view\system\index.html [ array (
  0 => 'menu_left',
  1 => 'mate_title',
  2 => 'mate_operate',
  3 => 'user',
  4 => 'list',
) ]
[ info ] [ LOG ] INIT File
[ sql ] [ DB ] CONNECT:[ UseTime:0.002000s ] mysql:dbname=20190211zihaimeirong;host=127.0.0.1;port=3306;charset=utf8
[ sql ] [ SQL ] SHOW COLUMNS FROM `mx_manager` [ RunTime:0.016001s ]
[ sql ] [ SQL ] SELECT `group_id` FROM `mx_manager` WHERE  `id` = 1 LIMIT 1 [ RunTime:0.001000s ]
[ sql ] [ SQL ] SELECT `id`,`username`,`avatar`,`nickname`,`mobile` FROM `mx_manager` WHERE  `id` = 1 LIMIT 1 [ RunTime:0.000000s ]
[ sql ] [ DB ] CONNECT:[ UseTime:0.000000s ] mysql:dbname=20190211zihaimeirong;host=127.0.0.1;port=3306;charset=utf8
[ sql ] [ SQL ] SHOW COLUMNS FROM `mx_webconfig` [ RunTime:0.011001s ]
[ sql ] [ SQL ] SELECT * FROM `mx_webconfig` WHERE  `varname` = 'show_num' LIMIT 1 [ RunTime:0.001000s ]
[ sql ] [ SQL ] SHOW COLUMNS FROM `mx_webtype` [ RunTime:0.008001s ]
[ sql ] [ SQL ] SELECT * FROM `mx_webtype` [ RunTime:0.001000s ]
[ sql ] [ SQL ] SELECT * FROM `mx_webconfig` WHERE  `vargroup` = 1 [ RunTime:0.001000s ]
[ sql ] [ SQL ] SELECT * FROM `mx_webconfig` WHERE  `vargroup` = 2 [ RunTime:0.000000s ]
[ sql ] [ SQL ] SELECT * FROM `mx_webconfig` WHERE  `vargroup` = 6 [ RunTime:0.000000s ]

---------------------------------------------------------------
[ 2019-02-18T13:30:21+08:00 ] 127.0.0.1 127.0.0.1 GET /console/manager/index.html
[ log ] zhmr.cc/console/manager/index.html [运行时间：0.196011s][吞吐率：5.10req/s] [内存消耗：2,305.43kb] [文件加载：56]
[ info ] [ LANG ] D:\phpstudy\WWW\20190213zihaimeirong\thinkphp\lang\zh-cn.php
[ info ] [ ROUTE ] array (
  'type' => 'module',
  'module' => 
  array (
    0 => 'console',
    1 => 'manager',
    2 => 'index',
  ),
)
[ info ] [ HEADER ] array (
  'cookie' => 'PHPSESSID=hqvq18j8521a0taupv6qs68250',
  'accept-language' => 'zh-CN,zh;q=0.9',
  'accept-encoding' => 'gzip, deflate',
  'referer' => 'http://zhmr.cc/console/system/index.html',
  'accept' => 'text/html,application/xhtml+xml,application/xml;q=0.9,image/webp,image/apng,*/*;q=0.8',
  'user-agent' => 'Mozilla/5.0 (Windows NT 6.1; WOW64) AppleWebKit/537.36 (KHTML, like Gecko) Chrome/65.0.3325.181 Safari/537.36',
  'upgrade-insecure-requests' => '1',
  'connection' => 'close',
  'host' => 'zhmr.cc',
)
[ info ] [ PARAM ] array (
)
[ info ] [ SESSION ] INIT array (
  'id' => '',
  'var_session_id' => '',
  'prefix' => 'think',
  'type' => '',
  'auto_start' => true,
)
[ info ] [ DB ] INIT mysql
[ info ] [ DB ] INIT mysql
[ info ] [ RUN ] app\console\controller\Manager->index[ D:\phpstudy\WWW\20190213zihaimeirong\application\console\controller\Manager.php ]
[ info ] [ VIEW ] D:\phpstudy\WWW\20190213zihaimeirong\public/../application/console\view\manager\index.html [ array (
  0 => 'menu_left',
  1 => 'mate_title',
  2 => 'mate_operate',
  3 => 'user',
  4 => 'data',
) ]
[ info ] [ DB ] INIT mysql
[ info ] [ DB ] INIT mysql
[ info ] [ DB ] INIT mysql
[ info ] [ LOG ] INIT File
[ sql ] [ DB ] CONNECT:[ UseTime:0.003000s ] mysql:dbname=20190211zihaimeirong;host=127.0.0.1;port=3306;charset=utf8
[ sql ] [ SQL ] SHOW COLUMNS FROM `mx_manager` [ RunTime:0.009000s ]
[ sql ] [ SQL ] SELECT `group_id` FROM `mx_manager` WHERE  `id` = 1 LIMIT 1 [ RunTime:0.000000s ]
[ sql ] [ SQL ] SELECT `id`,`username`,`avatar`,`nickname`,`mobile` FROM `mx_manager` WHERE  `id` = 1 LIMIT 1 [ RunTime:0.019001s ]
[ sql ] [ DB ] CONNECT:[ UseTime:0.001000s ] mysql:dbname=20190211zihaimeirong;host=127.0.0.1;port=3306;charset=utf8
[ sql ] [ SQL ] SHOW COLUMNS FROM `mx_webconfig` [ RunTime:0.009000s ]
[ sql ] [ SQL ] SELECT * FROM `mx_webconfig` WHERE  `varname` = 'show_num' LIMIT 1 [ RunTime:0.001000s ]
[ sql ] [ SQL ] SELECT * FROM `mx_manager` ORDER BY `id`  desc [ RunTime:0.000000s ]
[ sql ] [ DB ] CONNECT:[ UseTime:0.010001s ] mysql:dbname=20190211zihaimeirong;host=127.0.0.1;port=3306;charset=utf8
[ sql ] [ SQL ] SHOW COLUMNS FROM `mx_authgroup` [ RunTime:0.009000s ]
[ sql ] [ SQL ] SELECT `title` FROM `mx_authgroup` WHERE  `id` = 1 LIMIT 1 [ RunTime:0.008001s ]
[ sql ] [ DB ] CONNECT:[ UseTime:0.001000s ] mysql:dbname=20190211zihaimeirong;host=127.0.0.1;port=3306;charset=utf8
[ sql ] [ SQL ] SELECT `title` FROM `mx_authgroup` WHERE  `id` = 1 LIMIT 1 [ RunTime:0.000000s ]
[ sql ] [ DB ] CONNECT:[ UseTime:0.001000s ] mysql:dbname=20190211zihaimeirong;host=127.0.0.1;port=3306;charset=utf8
[ sql ] [ SQL ] SELECT `title` FROM `mx_authgroup` WHERE  `id` = 1 LIMIT 1 [ RunTime:0.000000s ]

---------------------------------------------------------------
[ 2019-02-18T13:30:38+08:00 ] 127.0.0.1 127.0.0.1 POST /console/manager/delete/page/1.html
[ log ] zhmr.cc/console/manager/delete/page/1.html [运行时间：0.520029s][吞吐率：1.92req/s] [内存消耗：2,059.43kb] [文件加载：55]
[ info ] [ LANG ] D:\phpstudy\WWW\20190213zihaimeirong\thinkphp\lang\zh-cn.php
[ info ] [ ROUTE ] array (
  'type' => 'module',
  'module' => 
  array (
    0 => 'console',
    1 => 'manager',
    2 => 'delete',
  ),
)
[ info ] [ HEADER ] array (
  'cookie' => 'PHPSESSID=hqvq18j8521a0taupv6qs68250',
  'accept-language' => 'zh-CN,zh;q=0.9',
  'accept-encoding' => 'gzip, deflate',
  'referer' => 'http://zhmr.cc/console/manager/index.html',
  'accept' => 'text/html,application/xhtml+xml,application/xml;q=0.9,image/webp,image/apng,*/*;q=0.8',
  'user-agent' => 'Mozilla/5.0 (Windows NT 6.1; WOW64) AppleWebKit/537.36 (KHTML, like Gecko) Chrome/65.0.3325.181 Safari/537.36',
  'content-type' => 'application/x-www-form-urlencoded',
  'upgrade-insecure-requests' => '1',
  'origin' => 'http://zhmr.cc',
  'cache-control' => 'max-age=0',
  'content-length' => '21',
  'connection' => 'close',
  'host' => 'zhmr.cc',
)
[ info ] [ PARAM ] array (
  'id' => 
  array (
    0 => '4',
    1 => '5',
  ),
  'page' => '1',
)
[ info ] [ SESSION ] INIT array (
  'id' => '',
  'var_session_id' => '',
  'prefix' => 'think',
  'type' => '',
  'auto_start' => true,
)
[ info ] [ DB ] INIT mysql
[ info ] [ DB ] INIT mysql
[ info ] [ RUN ] app\console\controller\Manager->delete[ D:\phpstudy\WWW\20190213zihaimeirong\application\console\controller\Manager.php ]
[ info ] [ VIEW ] D:\phpstudy\WWW\20190213zihaimeirong\thinkphp\tpl\dispatch_jump.tpl [ array (
  0 => 'menu_left',
  1 => 'mate_title',
  2 => 'mate_operate',
  3 => 'user',
  4 => 'code',
  5 => 'msg',
  6 => 'data',
  7 => 'url',
  8 => 'wait',
) ]
[ info ] [ LOG ] INIT File
[ sql ] [ DB ] CONNECT:[ UseTime:0.001000s ] mysql:dbname=20190211zihaimeirong;host=127.0.0.1;port=3306;charset=utf8
[ sql ] [ SQL ] SHOW COLUMNS FROM `mx_manager` [ RunTime:0.012001s ]
[ sql ] [ SQL ] SELECT `group_id` FROM `mx_manager` WHERE  `id` = 1 LIMIT 1 [ RunTime:0.001000s ]
[ sql ] [ SQL ] SELECT `id`,`username`,`avatar`,`nickname`,`mobile` FROM `mx_manager` WHERE  `id` = 1 LIMIT 1 [ RunTime:0.000000s ]
[ sql ] [ DB ] CONNECT:[ UseTime:0.001000s ] mysql:dbname=20190211zihaimeirong;host=127.0.0.1;port=3306;charset=utf8
[ sql ] [ SQL ] SHOW COLUMNS FROM `mx_webconfig` [ RunTime:0.010001s ]
[ sql ] [ SQL ] SELECT * FROM `mx_webconfig` WHERE  `varname` = 'show_num' LIMIT 1 [ RunTime:0.000000s ]
[ sql ] [ SQL ] SELECT * FROM `mx_manager` WHERE  `id` IN (4,5) [ RunTime:0.000000s ]
[ sql ] [ SQL ] DELETE FROM `mx_manager`    WHERE  `id` = 4 [ RunTime:0.366021s ]
[ sql ] [ SQL ] DELETE FROM `mx_manager`    WHERE  `id` = 5 [ RunTime:0.073004s ]

---------------------------------------------------------------
[ 2019-02-18T13:30:38+08:00 ] 127.0.0.1 127.0.0.1 GET /console/manager/index.html
[ log ] zhmr.cc/console/manager/index.html [运行时间：0.107006s][吞吐率：9.35req/s] [内存消耗：2,096.34kb] [文件加载：54]
[ info ] [ LANG ] D:\phpstudy\WWW\20190213zihaimeirong\thinkphp\lang\zh-cn.php
[ info ] [ ROUTE ] array (
  'type' => 'module',
  'module' => 
  array (
    0 => 'console',
    1 => 'manager',
    2 => 'index',
  ),
)
[ info ] [ HEADER ] array (
  'cookie' => 'PHPSESSID=hqvq18j8521a0taupv6qs68250',
  'accept-language' => 'zh-CN,zh;q=0.9',
  'accept-encoding' => 'gzip, deflate',
  'referer' => 'http://zhmr.cc/console/manager/delete/page/1.html',
  'accept' => 'text/html,application/xhtml+xml,application/xml;q=0.9,image/webp,image/apng,*/*;q=0.8',
  'user-agent' => 'Mozilla/5.0 (Windows NT 6.1; WOW64) AppleWebKit/537.36 (KHTML, like Gecko) Chrome/65.0.3325.181 Safari/537.36',
  'upgrade-insecure-requests' => '1',
  'connection' => 'close',
  'host' => 'zhmr.cc',
)
[ info ] [ PARAM ] array (
)
[ info ] [ SESSION ] INIT array (
  'id' => '',
  'var_session_id' => '',
  'prefix' => 'think',
  'type' => '',
  'auto_start' => true,
)
[ info ] [ DB ] INIT mysql
[ info ] [ DB ] INIT mysql
[ info ] [ RUN ] app\console\controller\Manager->index[ D:\phpstudy\WWW\20190213zihaimeirong\application\console\controller\Manager.php ]
[ info ] [ VIEW ] D:\phpstudy\WWW\20190213zihaimeirong\public/../application/console\view\manager\index.html [ array (
  0 => 'menu_left',
  1 => 'mate_title',
  2 => 'mate_operate',
  3 => 'user',
  4 => 'data',
) ]
[ info ] [ DB ] INIT mysql
[ info ] [ LOG ] INIT File
[ sql ] [ DB ] CONNECT:[ UseTime:0.001000s ] mysql:dbname=20190211zihaimeirong;host=127.0.0.1;port=3306;charset=utf8
[ sql ] [ SQL ] SHOW COLUMNS FROM `mx_manager` [ RunTime:0.017000s ]
[ sql ] [ SQL ] SELECT `group_id` FROM `mx_manager` WHERE  `id` = 1 LIMIT 1 [ RunTime:0.003000s ]
[ sql ] [ SQL ] SELECT `id`,`username`,`avatar`,`nickname`,`mobile` FROM `mx_manager` WHERE  `id` = 1 LIMIT 1 [ RunTime:0.000000s ]
[ sql ] [ DB ] CONNECT:[ UseTime:0.000000s ] mysql:dbname=20190211zihaimeirong;host=127.0.0.1;port=3306;charset=utf8
[ sql ] [ SQL ] SHOW COLUMNS FROM `mx_webconfig` [ RunTime:0.020001s ]
[ sql ] [ SQL ] SELECT * FROM `mx_webconfig` WHERE  `varname` = 'show_num' LIMIT 1 [ RunTime:0.001000s ]
[ sql ] [ SQL ] SELECT * FROM `mx_manager` ORDER BY `id`  desc [ RunTime:0.000000s ]
[ sql ] [ DB ] CONNECT:[ UseTime:0.001000s ] mysql:dbname=20190211zihaimeirong;host=127.0.0.1;port=3306;charset=utf8
[ sql ] [ SQL ] SHOW COLUMNS FROM `mx_authgroup` [ RunTime:0.012001s ]
[ sql ] [ SQL ] SELECT `title` FROM `mx_authgroup` WHERE  `id` = 1 LIMIT 1 [ RunTime:0.001000s ]

---------------------------------------------------------------
[ 2019-02-18T13:30:45+08:00 ] 127.0.0.1 127.0.0.1 GET /console/manager/update/id/1/page/1.html
[ log ] zhmr.cc/console/manager/update/id/1/page/1.html [运行时间：0.158009s][吞吐率：6.33req/s] [内存消耗：2,263.27kb] [文件加载：56]
[ info ] [ LANG ] D:\phpstudy\WWW\20190213zihaimeirong\thinkphp\lang\zh-cn.php
[ info ] [ ROUTE ] array (
  'type' => 'module',
  'module' => 
  array (
    0 => 'console',
    1 => 'manager',
    2 => 'update',
  ),
)
[ info ] [ HEADER ] array (
  'cookie' => 'PHPSESSID=hqvq18j8521a0taupv6qs68250',
  'accept-language' => 'zh-CN,zh;q=0.9',
  'accept-encoding' => 'gzip, deflate',
  'referer' => 'http://zhmr.cc/console/manager/index.html',
  'accept' => 'text/html,application/xhtml+xml,application/xml;q=0.9,image/webp,image/apng,*/*;q=0.8',
  'user-agent' => 'Mozilla/5.0 (Windows NT 6.1; WOW64) AppleWebKit/537.36 (KHTML, like Gecko) Chrome/65.0.3325.181 Safari/537.36',
  'upgrade-insecure-requests' => '1',
  'connection' => 'close',
  'host' => 'zhmr.cc',
)
[ info ] [ PARAM ] array (
  'id' => '1',
  'page' => '1',
)
[ info ] [ SESSION ] INIT array (
  'id' => '',
  'var_session_id' => '',
  'prefix' => 'think',
  'type' => '',
  'auto_start' => true,
)
[ info ] [ DB ] INIT mysql
[ info ] [ DB ] INIT mysql
[ info ] [ RUN ] app\console\controller\Manager->update[ D:\phpstudy\WWW\20190213zihaimeirong\application\console\controller\Manager.php ]
[ info ] [ VIEW ] D:\phpstudy\WWW\20190213zihaimeirong\public/../application/console\view\manager\create.html [ array (
  0 => 'menu_left',
  1 => 'mate_title',
  2 => 'mate_operate',
  3 => 'user',
  4 => 'vo',
  5 => 'authgroup',
) ]
[ info ] [ LOG ] INIT File
[ sql ] [ DB ] CONNECT:[ UseTime:0.003000s ] mysql:dbname=20190211zihaimeirong;host=127.0.0.1;port=3306;charset=utf8
[ sql ] [ SQL ] SHOW COLUMNS FROM `mx_manager` [ RunTime:0.029002s ]
[ sql ] [ SQL ] SELECT `group_id` FROM `mx_manager` WHERE  `id` = 1 LIMIT 1 [ RunTime:0.001000s ]
[ sql ] [ SQL ] SELECT `id`,`username`,`avatar`,`nickname`,`mobile` FROM `mx_manager` WHERE  `id` = 1 LIMIT 1 [ RunTime:0.001000s ]
[ sql ] [ DB ] CONNECT:[ UseTime:0.001000s ] mysql:dbname=20190211zihaimeirong;host=127.0.0.1;port=3306;charset=utf8
[ sql ] [ SQL ] SHOW COLUMNS FROM `mx_webconfig` [ RunTime:0.012001s ]
[ sql ] [ SQL ] SELECT * FROM `mx_webconfig` WHERE  `varname` = 'show_num' LIMIT 1 [ RunTime:0.001000s ]
[ sql ] [ SQL ] SELECT * FROM `mx_manager` WHERE  `id` = 1 LIMIT 1 [ RunTime:0.001000s ]
[ sql ] [ SQL ] SHOW COLUMNS FROM `mx_authgroup` [ RunTime:0.010001s ]
[ sql ] [ SQL ] SELECT `id`,`title` FROM `mx_authgroup` [ RunTime:0.001000s ]

---------------------------------------------------------------
[ 2019-02-18T13:30:55+08:00 ] 127.0.0.1 127.0.0.1 POST /console/common/validonly/table/manager.html
[ log ] zhmr.cc/console/common/validonly/table/manager.html [运行时间：0.048003s][吞吐率：20.83req/s] [内存消耗：1,632.20kb] [文件加载：45]
[ info ] [ LANG ] D:\phpstudy\WWW\20190213zihaimeirong\thinkphp\lang\zh-cn.php
[ info ] [ ROUTE ] array (
  'type' => 'module',
  'module' => 
  array (
    0 => 'console',
    1 => 'common',
    2 => 'validonly',
  ),
)
[ info ] [ HEADER ] array (
  'cookie' => 'PHPSESSID=hqvq18j8521a0taupv6qs68250',
  'accept-language' => 'zh-CN,zh;q=0.9',
  'accept-encoding' => 'gzip, deflate',
  'referer' => 'http://zhmr.cc/console/manager/update/id/1/page/1.html',
  'content-type' => 'application/x-www-form-urlencoded; charset=UTF-8',
  'user-agent' => 'Mozilla/5.0 (Windows NT 6.1; WOW64) AppleWebKit/537.36 (KHTML, like Gecko) Chrome/65.0.3325.181 Safari/537.36',
  'x-requested-with' => 'XMLHttpRequest',
  'origin' => 'http://zhmr.cc',
  'accept' => 'application/json, text/javascript, */*; q=0.01',
  'content-length' => '19',
  'connection' => 'close',
  'host' => 'zhmr.cc',
)
[ info ] [ PARAM ] array (
  'nickname' => 'admin',
  'id' => '1',
  'table' => 'manager',
)
[ info ] [ RUN ] app\console\controller\Common->validonly[ D:\phpstudy\WWW\20190213zihaimeirong\application\console\controller\Common.php ]
[ info ] [ DB ] INIT mysql
[ info ] [ LOG ] INIT File
[ sql ] [ DB ] CONNECT:[ UseTime:0.001000s ] mysql:dbname=20190211zihaimeirong;host=127.0.0.1;port=3306;charset=utf8
[ sql ] [ SQL ] SHOW COLUMNS FROM `mx_manager` [ RunTime:0.016000s ]
[ sql ] [ SQL ] SELECT `id` FROM `mx_manager` WHERE  `nickname` = 'admin'  AND `id` NOT IN (1) LIMIT 1 [ RunTime:0.001001s ]

---------------------------------------------------------------
[ 2019-02-18T13:30:56+08:00 ] 127.0.0.1 127.0.0.1 POST /console/common/validonly/table/manager.html
[ log ] zhmr.cc/console/common/validonly/table/manager.html [运行时间：0.039002s][吞吐率：25.64req/s] [内存消耗：1,632.20kb] [文件加载：45]
[ info ] [ LANG ] D:\phpstudy\WWW\20190213zihaimeirong\thinkphp\lang\zh-cn.php
[ info ] [ ROUTE ] array (
  'type' => 'module',
  'module' => 
  array (
    0 => 'console',
    1 => 'common',
    2 => 'validonly',
  ),
)
[ info ] [ HEADER ] array (
  'cookie' => 'PHPSESSID=hqvq18j8521a0taupv6qs68250',
  'accept-language' => 'zh-CN,zh;q=0.9',
  'accept-encoding' => 'gzip, deflate',
  'referer' => 'http://zhmr.cc/console/manager/update/id/1/page/1.html',
  'content-type' => 'application/x-www-form-urlencoded; charset=UTF-8',
  'user-agent' => 'Mozilla/5.0 (Windows NT 6.1; WOW64) AppleWebKit/537.36 (KHTML, like Gecko) Chrome/65.0.3325.181 Safari/537.36',
  'x-requested-with' => 'XMLHttpRequest',
  'origin' => 'http://zhmr.cc',
  'accept' => 'application/json, text/javascript, */*; q=0.01',
  'content-length' => '23',
  'connection' => 'close',
  'host' => 'zhmr.cc',
)
[ info ] [ PARAM ] array (
  'mobile' => '18800000000',
  'id' => '1',
  'table' => 'manager',
)
[ info ] [ RUN ] app\console\controller\Common->validonly[ D:\phpstudy\WWW\20190213zihaimeirong\application\console\controller\Common.php ]
[ info ] [ DB ] INIT mysql
[ info ] [ LOG ] INIT File
[ sql ] [ DB ] CONNECT:[ UseTime:0.001000s ] mysql:dbname=20190211zihaimeirong;host=127.0.0.1;port=3306;charset=utf8
[ sql ] [ SQL ] SHOW COLUMNS FROM `mx_manager` [ RunTime:0.008000s ]
[ sql ] [ SQL ] SELECT `id` FROM `mx_manager` WHERE  `mobile` = '18800000000'  AND `id` NOT IN (1) LIMIT 1 [ RunTime:0.001000s ]

---------------------------------------------------------------
[ 2019-02-18T13:30:56+08:00 ] 127.0.0.1 127.0.0.1 POST /console/manager/update/id/1/page/1.html
[ log ] zhmr.cc/console/manager/update/id/1/page/1.html [运行时间：0.293017s][吞吐率：3.41req/s] [内存消耗：2,269.38kb] [文件加载：60]
[ info ] [ LANG ] D:\phpstudy\WWW\20190213zihaimeirong\thinkphp\lang\zh-cn.php
[ info ] [ ROUTE ] array (
  'type' => 'module',
  'module' => 
  array (
    0 => 'console',
    1 => 'manager',
    2 => 'update',
  ),
)
[ info ] [ HEADER ] array (
  'cookie' => 'PHPSESSID=hqvq18j8521a0taupv6qs68250',
  'accept-language' => 'zh-CN,zh;q=0.9',
  'accept-encoding' => 'gzip, deflate',
  'referer' => 'http://zhmr.cc/console/manager/update/id/1/page/1.html',
  'accept' => 'text/html,application/xhtml+xml,application/xml;q=0.9,image/webp,image/apng,*/*;q=0.8',
  'user-agent' => 'Mozilla/5.0 (Windows NT 6.1; WOW64) AppleWebKit/537.36 (KHTML, like Gecko) Chrome/65.0.3325.181 Safari/537.36',
  'content-type' => 'application/x-www-form-urlencoded',
  'upgrade-insecure-requests' => '1',
  'origin' => 'http://zhmr.cc',
  'cache-control' => 'max-age=0',
  'content-length' => '116',
  'connection' => 'close',
  'host' => 'zhmr.cc',
)
[ info ] [ PARAM ] array (
  'username' => 'admin',
  'password' => '123123',
  'repassword' => '123123',
  'nickname' => 'admin',
  'mobile' => '18800000000',
  'avatar' => '7',
  'group_id' => '1',
  'status' => '1',
  'id' => '1',
  'page' => '1',
)
[ info ] [ SESSION ] INIT array (
  'id' => '',
  'var_session_id' => '',
  'prefix' => 'think',
  'type' => '',
  'auto_start' => true,
)
[ info ] [ DB ] INIT mysql
[ info ] [ DB ] INIT mysql
[ info ] [ RUN ] app\console\controller\Manager->update[ D:\phpstudy\WWW\20190213zihaimeirong\application\console\controller\Manager.php ]
[ info ] [ CACHE ] INIT File
[ info ] [ VIEW ] D:\phpstudy\WWW\20190213zihaimeirong\thinkphp\tpl\dispatch_jump.tpl [ array (
  0 => 'menu_left',
  1 => 'mate_title',
  2 => 'mate_operate',
  3 => 'user',
  4 => 'code',
  5 => 'msg',
  6 => 'data',
  7 => 'url',
  8 => 'wait',
) ]
[ info ] [ LOG ] INIT File
[ sql ] [ DB ] CONNECT:[ UseTime:0.010000s ] mysql:dbname=20190211zihaimeirong;host=127.0.0.1;port=3306;charset=utf8
[ sql ] [ SQL ] SHOW COLUMNS FROM `mx_manager` [ RunTime:0.016001s ]
[ sql ] [ SQL ] SELECT `group_id` FROM `mx_manager` WHERE  `id` = 1 LIMIT 1 [ RunTime:0.000000s ]
[ sql ] [ SQL ] SELECT `id`,`username`,`avatar`,`nickname`,`mobile` FROM `mx_manager` WHERE  `id` = 1 LIMIT 1 [ RunTime:0.001000s ]
[ sql ] [ DB ] CONNECT:[ UseTime:0.010001s ] mysql:dbname=20190211zihaimeirong;host=127.0.0.1;port=3306;charset=utf8
[ sql ] [ SQL ] SHOW COLUMNS FROM `mx_webconfig` [ RunTime:0.019001s ]
[ sql ] [ SQL ] SELECT * FROM `mx_webconfig` WHERE  `varname` = 'show_num' LIMIT 1 [ RunTime:0.000000s ]
[ sql ] [ SQL ] SELECT `id` FROM `mx_manager` WHERE  `username` = 'admin'  AND `id` <> 1 LIMIT 1 [ RunTime:0.000000s ]
[ sql ] [ SQL ] SELECT `id` FROM `mx_manager` WHERE  `nickname` = 'admin'  AND `id` <> 1 LIMIT 1 [ RunTime:0.000000s ]
[ sql ] [ SQL ] SELECT `id` FROM `mx_manager` WHERE  `mobile` = '18800000000'  AND `id` <> 1 LIMIT 1 [ RunTime:0.000000s ]
[ sql ] [ SQL ] UPDATE `mx_manager`  SET `username`='admin',`password`='63ee451939ed580ef3c4b6f0109d1fd0',`nickname`='admin',`mobile`='18800000000',`avatar`=7,`group_id`=1,`status`=1,`update_time`=1550467856  WHERE  `id` = 1 [ RunTime:0.096006s ]

---------------------------------------------------------------
[ 2019-02-18T13:30:59+08:00 ] 127.0.0.1 127.0.0.1 GET /console/manager/index.html
[ log ] zhmr.cc/console/manager/index.html [运行时间：0.125007s][吞吐率：8.00req/s] [内存消耗：2,096.34kb] [文件加载：54]
[ info ] [ LANG ] D:\phpstudy\WWW\20190213zihaimeirong\thinkphp\lang\zh-cn.php
[ info ] [ ROUTE ] array (
  'type' => 'module',
  'module' => 
  array (
    0 => 'console',
    1 => 'manager',
    2 => 'index',
  ),
)
[ info ] [ HEADER ] array (
  'cookie' => 'PHPSESSID=hqvq18j8521a0taupv6qs68250',
  'accept-language' => 'zh-CN,zh;q=0.9',
  'accept-encoding' => 'gzip, deflate',
  'referer' => 'http://zhmr.cc/console/manager/update/id/1/page/1.html',
  'accept' => 'text/html,application/xhtml+xml,application/xml;q=0.9,image/webp,image/apng,*/*;q=0.8',
  'user-agent' => 'Mozilla/5.0 (Windows NT 6.1; WOW64) AppleWebKit/537.36 (KHTML, like Gecko) Chrome/65.0.3325.181 Safari/537.36',
  'upgrade-insecure-requests' => '1',
  'connection' => 'close',
  'host' => 'zhmr.cc',
)
[ info ] [ PARAM ] array (
)
[ info ] [ SESSION ] INIT array (
  'id' => '',
  'var_session_id' => '',
  'prefix' => 'think',
  'type' => '',
  'auto_start' => true,
)
[ info ] [ DB ] INIT mysql
[ info ] [ DB ] INIT mysql
[ info ] [ RUN ] app\console\controller\Manager->index[ D:\phpstudy\WWW\20190213zihaimeirong\application\console\controller\Manager.php ]
[ info ] [ VIEW ] D:\phpstudy\WWW\20190213zihaimeirong\public/../application/console\view\manager\index.html [ array (
  0 => 'menu_left',
  1 => 'mate_title',
  2 => 'mate_operate',
  3 => 'user',
  4 => 'data',
) ]
[ info ] [ DB ] INIT mysql
[ info ] [ LOG ] INIT File
[ sql ] [ DB ] CONNECT:[ UseTime:0.001000s ] mysql:dbname=20190211zihaimeirong;host=127.0.0.1;port=3306;charset=utf8
[ sql ] [ SQL ] SHOW COLUMNS FROM `mx_manager` [ RunTime:0.014001s ]
[ sql ] [ SQL ] SELECT `group_id` FROM `mx_manager` WHERE  `id` = 1 LIMIT 1 [ RunTime:0.000000s ]
[ sql ] [ SQL ] SELECT `id`,`username`,`avatar`,`nickname`,`mobile` FROM `mx_manager` WHERE  `id` = 1 LIMIT 1 [ RunTime:0.001000s ]
[ sql ] [ DB ] CONNECT:[ UseTime:0.001000s ] mysql:dbname=20190211zihaimeirong;host=127.0.0.1;port=3306;charset=utf8
[ sql ] [ SQL ] SHOW COLUMNS FROM `mx_webconfig` [ RunTime:0.011001s ]
[ sql ] [ SQL ] SELECT * FROM `mx_webconfig` WHERE  `varname` = 'show_num' LIMIT 1 [ RunTime:0.000000s ]
[ sql ] [ SQL ] SELECT * FROM `mx_manager` ORDER BY `id`  desc [ RunTime:0.000000s ]
[ sql ] [ DB ] CONNECT:[ UseTime:0.010001s ] mysql:dbname=20190211zihaimeirong;host=127.0.0.1;port=3306;charset=utf8
[ sql ] [ SQL ] SHOW COLUMNS FROM `mx_authgroup` [ RunTime:0.011001s ]
[ sql ] [ SQL ] SELECT `title` FROM `mx_authgroup` WHERE  `id` = 1 LIMIT 1 [ RunTime:0.001000s ]

---------------------------------------------------------------
[ 2019-02-18T13:31:04+08:00 ] 127.0.0.1 127.0.0.1 GET /Console/login/logout.html
[ log ] zhmr.cc/Console/login/logout.html [运行时间：0.048003s][吞吐率：20.83req/s] [内存消耗：1,221.65kb] [文件加载：43]
[ info ] [ LANG ] D:\phpstudy\WWW\20190213zihaimeirong\thinkphp\lang\zh-cn.php
[ info ] [ ROUTE ] array (
  'type' => 'module',
  'module' => 
  array (
    0 => 'Console',
    1 => 'login',
    2 => 'logout',
  ),
)
[ info ] [ HEADER ] array (
  'cookie' => 'PHPSESSID=hqvq18j8521a0taupv6qs68250',
  'accept-language' => 'zh-CN,zh;q=0.9',
  'accept-encoding' => 'gzip, deflate',
  'referer' => 'http://zhmr.cc/console/manager/index.html',
  'accept' => 'text/html,application/xhtml+xml,application/xml;q=0.9,image/webp,image/apng,*/*;q=0.8',
  'user-agent' => 'Mozilla/5.0 (Windows NT 6.1; WOW64) AppleWebKit/537.36 (KHTML, like Gecko) Chrome/65.0.3325.181 Safari/537.36',
  'upgrade-insecure-requests' => '1',
  'connection' => 'close',
  'host' => 'zhmr.cc',
)
[ info ] [ PARAM ] array (
)
[ info ] [ RUN ] app\console\controller\Login->logout[ D:\phpstudy\WWW\20190213zihaimeirong\application\console\controller\Login.php ]
[ info ] [ SESSION ] INIT array (
  'id' => '',
  'var_session_id' => '',
  'prefix' => 'think',
  'type' => '',
  'auto_start' => true,
)
[ info ] [ LOG ] INIT File

---------------------------------------------------------------
[ 2019-02-18T13:31:04+08:00 ] 127.0.0.1 127.0.0.1 GET /console/login/index.html
[ log ] zhmr.cc/console/login/index.html [运行时间：0.043002s][吞吐率：23.25req/s] [内存消耗：1,206.73kb] [文件加载：42]
[ info ] [ LANG ] D:\phpstudy\WWW\20190213zihaimeirong\thinkphp\lang\zh-cn.php
[ info ] [ ROUTE ] array (
  'type' => 'module',
  'module' => 
  array (
    0 => 'console',
    1 => 'login',
    2 => 'index',
  ),
)
[ info ] [ HEADER ] array (
  'cookie' => 'PHPSESSID=hqvq18j8521a0taupv6qs68250',
  'accept-language' => 'zh-CN,zh;q=0.9',
  'accept-encoding' => 'gzip, deflate',
  'referer' => 'http://zhmr.cc/console/manager/index.html',
  'accept' => 'text/html,application/xhtml+xml,application/xml;q=0.9,image/webp,image/apng,*/*;q=0.8',
  'user-agent' => 'Mozilla/5.0 (Windows NT 6.1; WOW64) AppleWebKit/537.36 (KHTML, like Gecko) Chrome/65.0.3325.181 Safari/537.36',
  'upgrade-insecure-requests' => '1',
  'connection' => 'close',
  'host' => 'zhmr.cc',
)
[ info ] [ PARAM ] array (
)
[ info ] [ RUN ] app\console\controller\Login->index[ D:\phpstudy\WWW\20190213zihaimeirong\application\console\controller\Login.php ]
[ info ] [ SESSION ] INIT array (
  'id' => '',
  'var_session_id' => '',
  'prefix' => 'think',
  'type' => '',
  'auto_start' => true,
)
[ info ] [ VIEW ] D:\phpstudy\WWW\20190213zihaimeirong\public/../application/console\view\.\login.html [ array (
  0 => 'mate_title',
) ]
[ info ] [ LOG ] INIT File

---------------------------------------------------------------
[ 2019-02-18T13:31:06+08:00 ] 127.0.0.1 127.0.0.1 GET /console/login/index.html
[ log ] zhmr.cc/console/login/index.html [运行时间：0.067004s][吞吐率：14.92req/s] [内存消耗：1,206.95kb] [文件加载：42]
[ info ] [ LANG ] D:\phpstudy\WWW\20190213zihaimeirong\thinkphp\lang\zh-cn.php
[ info ] [ ROUTE ] array (
  'type' => 'module',
  'module' => 
  array (
    0 => 'console',
    1 => 'login',
    2 => 'index',
  ),
)
[ info ] [ HEADER ] array (
  'cookie' => 'PHPSESSID=hqvq18j8521a0taupv6qs68250',
  'accept-language' => 'zh-CN,zh;q=0.9',
  'accept-encoding' => 'gzip, deflate',
  'referer' => 'http://zhmr.cc/console/manager/index.html',
  'accept' => 'text/html,application/xhtml+xml,application/xml;q=0.9,image/webp,image/apng,*/*;q=0.8',
  'user-agent' => 'Mozilla/5.0 (Windows NT 6.1; WOW64) AppleWebKit/537.36 (KHTML, like Gecko) Chrome/65.0.3325.181 Safari/537.36',
  'upgrade-insecure-requests' => '1',
  'cache-control' => 'max-age=0',
  'connection' => 'close',
  'host' => 'zhmr.cc',
)
[ info ] [ PARAM ] array (
)
[ info ] [ RUN ] app\console\controller\Login->index[ D:\phpstudy\WWW\20190213zihaimeirong\application\console\controller\Login.php ]
[ info ] [ SESSION ] INIT array (
  'id' => '',
  'var_session_id' => '',
  'prefix' => 'think',
  'type' => '',
  'auto_start' => true,
)
[ info ] [ VIEW ] D:\phpstudy\WWW\20190213zihaimeirong\public/../application/console\view\.\login.html [ array (
  0 => 'mate_title',
) ]
[ info ] [ LOG ] INIT File

---------------------------------------------------------------
[ 2019-02-18T13:31:09+08:00 ] 127.0.0.1 127.0.0.1 POST /console/login/index.html
[ log ] zhmr.cc/console/login/index.html [运行时间：0.086005s][吞吐率：11.63req/s] [内存消耗：1,927.14kb] [文件加载：52]
[ info ] [ LANG ] D:\phpstudy\WWW\20190213zihaimeirong\thinkphp\lang\zh-cn.php
[ info ] [ ROUTE ] array (
  'type' => 'module',
  'module' => 
  array (
    0 => 'console',
    1 => 'login',
    2 => 'index',
  ),
)
[ info ] [ HEADER ] array (
  'cookie' => 'PHPSESSID=hqvq18j8521a0taupv6qs68250',
  'accept-language' => 'zh-CN,zh;q=0.9',
  'accept-encoding' => 'gzip, deflate',
  'referer' => 'http://zhmr.cc/console/login/index.html',
  'accept' => 'text/html,application/xhtml+xml,application/xml;q=0.9,image/webp,image/apng,*/*;q=0.8',
  'user-agent' => 'Mozilla/5.0 (Windows NT 6.1; WOW64) AppleWebKit/537.36 (KHTML, like Gecko) Chrome/65.0.3325.181 Safari/537.36',
  'content-type' => 'application/x-www-form-urlencoded',
  'upgrade-insecure-requests' => '1',
  'origin' => 'http://zhmr.cc',
  'cache-control' => 'max-age=0',
  'content-length' => '30',
  'connection' => 'close',
  'host' => 'zhmr.cc',
)
[ info ] [ PARAM ] array (
  'username' => 'admin',
  'password' => '123123',
)
[ info ] [ RUN ] app\console\controller\Login->index[ D:\phpstudy\WWW\20190213zihaimeirong\application\console\controller\Login.php ]
[ info ] [ DB ] INIT mysql
[ info ] [ SESSION ] INIT array (
  'id' => '',
  'var_session_id' => '',
  'prefix' => 'think',
  'type' => '',
  'auto_start' => true,
)
[ info ] [ VIEW ] D:\phpstudy\WWW\20190213zihaimeirong\thinkphp\tpl\dispatch_jump.tpl [ array (
  0 => 'code',
  1 => 'msg',
  2 => 'data',
  3 => 'url',
  4 => 'wait',
) ]
[ info ] [ LOG ] INIT File
[ sql ] [ DB ] CONNECT:[ UseTime:0.001000s ] mysql:dbname=20190211zihaimeirong;host=127.0.0.1;port=3306;charset=utf8
[ sql ] [ SQL ] SHOW COLUMNS FROM `mx_manager` [ RunTime:0.022001s ]
[ sql ] [ SQL ] SELECT * FROM `mx_manager` WHERE  `username` = 'admin'  AND `password` = '63ee451939ed580ef3c4b6f0109d1fd0'  AND `status` = 1 LIMIT 1 [ RunTime:0.001000s ]

---------------------------------------------------------------
[ 2019-02-18T13:31:10+08:00 ] 127.0.0.1 127.0.0.1 GET /console/dashboard/index.html
[ log ] zhmr.cc/console/dashboard/index.html [运行时间：0.165010s][吞吐率：6.06req/s] [内存消耗：1,975.30kb] [文件加载：52]
[ info ] [ LANG ] D:\phpstudy\WWW\20190213zihaimeirong\thinkphp\lang\zh-cn.php
[ info ] [ ROUTE ] array (
  'type' => 'module',
  'module' => 
  array (
    0 => 'console',
    1 => 'dashboard',
    2 => 'index',
  ),
)
[ info ] [ HEADER ] array (
  'cookie' => 'PHPSESSID=hqvq18j8521a0taupv6qs68250',
  'accept-language' => 'zh-CN,zh;q=0.9',
  'accept-encoding' => 'gzip, deflate',
  'referer' => 'http://zhmr.cc/console/login/index.html',
  'accept' => 'text/html,application/xhtml+xml,application/xml;q=0.9,image/webp,image/apng,*/*;q=0.8',
  'user-agent' => 'Mozilla/5.0 (Windows NT 6.1; WOW64) AppleWebKit/537.36 (KHTML, like Gecko) Chrome/65.0.3325.181 Safari/537.36',
  'upgrade-insecure-requests' => '1',
  'connection' => 'close',
  'host' => 'zhmr.cc',
)
[ info ] [ PARAM ] array (
)
[ info ] [ SESSION ] INIT array (
  'id' => '',
  'var_session_id' => '',
  'prefix' => 'think',
  'type' => '',
  'auto_start' => true,
)
[ info ] [ DB ] INIT mysql
[ info ] [ DB ] INIT mysql
[ info ] [ RUN ] app\console\controller\Dashboard->index[ D:\phpstudy\WWW\20190213zihaimeirong\application\console\controller\Dashboard.php ]
[ info ] [ VIEW ] D:\phpstudy\WWW\20190213zihaimeirong\public/../application/console\view\dashboard\index.html [ array (
  0 => 'menu_left',
  1 => 'mate_title',
  2 => 'mate_operate',
  3 => 'user',
  4 => 'count',
) ]
[ info ] [ LOG ] INIT File
[ sql ] [ DB ] CONNECT:[ UseTime:0.001000s ] mysql:dbname=20190211zihaimeirong;host=127.0.0.1;port=3306;charset=utf8
[ sql ] [ SQL ] SHOW COLUMNS FROM `mx_manager` [ RunTime:0.015001s ]
[ sql ] [ SQL ] SELECT `group_id` FROM `mx_manager` WHERE  `id` = 1 LIMIT 1 [ RunTime:0.001000s ]
[ sql ] [ SQL ] SELECT `id`,`username`,`avatar`,`nickname`,`mobile` FROM `mx_manager` WHERE  `id` = 1 LIMIT 1 [ RunTime:0.000000s ]
[ sql ] [ DB ] CONNECT:[ UseTime:0.001000s ] mysql:dbname=20190211zihaimeirong;host=127.0.0.1;port=3306;charset=utf8
[ sql ] [ SQL ] SHOW COLUMNS FROM `mx_webconfig` [ RunTime:0.013001s ]
[ sql ] [ SQL ] SELECT * FROM `mx_webconfig` WHERE  `varname` = 'show_num' LIMIT 1 [ RunTime:0.000000s ]
[ sql ] [ SQL ] SHOW COLUMNS FROM `mx_new_car` [ RunTime:0.017001s ]
[ sql ] [ SQL ] SELECT COUNT(*) AS tp_count FROM `mx_new_car` LIMIT 1 [ RunTime:0.008001s ]
[ sql ] [ SQL ] SHOW COLUMNS FROM `mx_old_car` [ RunTime:0.012000s ]
[ sql ] [ SQL ] SELECT COUNT(*) AS tp_count FROM `mx_old_car` LIMIT 1 [ RunTime:0.000000s ]
[ sql ] [ SQL ] SHOW COLUMNS FROM `mx_sell_car` [ RunTime:0.010001s ]
[ sql ] [ SQL ] SELECT COUNT(*) AS tp_count FROM `mx_sell_car` LIMIT 1 [ RunTime:0.000000s ]
[ sql ] [ SQL ] SHOW COLUMNS FROM `mx_feedback` [ RunTime:0.008001s ]
[ sql ] [ SQL ] SELECT COUNT(*) AS tp_count FROM `mx_feedback` LIMIT 1 [ RunTime:0.001000s ]

---------------------------------------------------------------
[ 2019-02-18T13:31:12+08:00 ] 127.0.0.1 127.0.0.1 GET /console/system/index.html
[ log ] zhmr.cc/console/system/index.html [运行时间：0.113007s][吞吐率：8.85req/s] [内存消耗：2,141.41kb] [文件加载：57]
[ info ] [ LANG ] D:\phpstudy\WWW\20190213zihaimeirong\thinkphp\lang\zh-cn.php
[ info ] [ ROUTE ] array (
  'type' => 'module',
  'module' => 
  array (
    0 => 'console',
    1 => 'system',
    2 => 'index',
  ),
)
[ info ] [ HEADER ] array (
  'cookie' => 'PHPSESSID=hqvq18j8521a0taupv6qs68250',
  'accept-language' => 'zh-CN,zh;q=0.9',
  'accept-encoding' => 'gzip, deflate',
  'referer' => 'http://zhmr.cc/console/dashboard/index.html',
  'accept' => 'text/html,application/xhtml+xml,application/xml;q=0.9,image/webp,image/apng,*/*;q=0.8',
  'user-agent' => 'Mozilla/5.0 (Windows NT 6.1; WOW64) AppleWebKit/537.36 (KHTML, like Gecko) Chrome/65.0.3325.181 Safari/537.36',
  'upgrade-insecure-requests' => '1',
  'connection' => 'close',
  'host' => 'zhmr.cc',
)
[ info ] [ PARAM ] array (
)
[ info ] [ SESSION ] INIT array (
  'id' => '',
  'var_session_id' => '',
  'prefix' => 'think',
  'type' => '',
  'auto_start' => true,
)
[ info ] [ DB ] INIT mysql
[ info ] [ DB ] INIT mysql
[ info ] [ RUN ] app\console\controller\System->index[ D:\phpstudy\WWW\20190213zihaimeirong\application\console\controller\System.php ]
[ info ] [ VIEW ] D:\phpstudy\WWW\20190213zihaimeirong\public/../application/console\view\system\index.html [ array (
  0 => 'menu_left',
  1 => 'mate_title',
  2 => 'mate_operate',
  3 => 'user',
  4 => 'list',
) ]
[ info ] [ LOG ] INIT File
[ sql ] [ DB ] CONNECT:[ UseTime:0.002000s ] mysql:dbname=20190211zihaimeirong;host=127.0.0.1;port=3306;charset=utf8
[ sql ] [ SQL ] SHOW COLUMNS FROM `mx_manager` [ RunTime:0.022002s ]
[ sql ] [ SQL ] SELECT `group_id` FROM `mx_manager` WHERE  `id` = 1 LIMIT 1 [ RunTime:0.002000s ]
[ sql ] [ SQL ] SELECT `id`,`username`,`avatar`,`nickname`,`mobile` FROM `mx_manager` WHERE  `id` = 1 LIMIT 1 [ RunTime:0.001000s ]
[ sql ] [ DB ] CONNECT:[ UseTime:0.001000s ] mysql:dbname=20190211zihaimeirong;host=127.0.0.1;port=3306;charset=utf8
[ sql ] [ SQL ] SHOW COLUMNS FROM `mx_webconfig` [ RunTime:0.022001s ]
[ sql ] [ SQL ] SELECT * FROM `mx_webconfig` WHERE  `varname` = 'show_num' LIMIT 1 [ RunTime:0.001000s ]
[ sql ] [ SQL ] SHOW COLUMNS FROM `mx_webtype` [ RunTime:0.012000s ]
[ sql ] [ SQL ] SELECT * FROM `mx_webtype` [ RunTime:0.000000s ]
[ sql ] [ SQL ] SELECT * FROM `mx_webconfig` WHERE  `vargroup` = 1 [ RunTime:0.001000s ]
[ sql ] [ SQL ] SELECT * FROM `mx_webconfig` WHERE  `vargroup` = 2 [ RunTime:0.001000s ]
[ sql ] [ SQL ] SELECT * FROM `mx_webconfig` WHERE  `vargroup` = 6 [ RunTime:0.000000s ]

---------------------------------------------------------------
